Start testing: Aug 25 13:57 UTC
----------------------------------------------------------
1/195 Testing: Board120.SqCalculation
1/195 Test: Board120.SqCalculation
Command: "/home/runner/work/Huginn/Huginn/build_ci/huginn_tests" "--gtest_filter=Board120.SqCalculation" "--gtest_also_run_disabled_tests"
Directory: /home/runner/work/Huginn/Huginn/build_ci
"Board120.SqCalculation" start time: Aug 25 13:57 UTC
Output:
----------------------------------------------------------
Note: Google Test filter = Board120.SqCalculation
[==========] Running 1 test from 1 test suite.
[----------] Global test environment set-up.
[----------] 1 test from Board120
[ RUN      ] Board120.SqCalculation
[       OK ] Board120.SqCalculation (0 ms)
[----------] 1 test from Board120 (0 ms total)

[----------] Global test environment tear-down
[==========] 1 test from 1 test suite ran. (0 ms total)
[  PASSED  ] 1 test.
<end of output>
Test time =   0.00 sec
----------------------------------------------------------
Test Passed.
"Board120.SqCalculation" end time: Aug 25 13:57 UTC
"Board120.SqCalculation" time elapsed: 00:00:00
----------------------------------------------------------

2/195 Testing: Board120.PlayableAndOffboardFrames
2/195 Test: Board120.PlayableAndOffboardFrames
Command: "/home/runner/work/Huginn/Huginn/build_ci/huginn_tests" "--gtest_filter=Board120.PlayableAndOffboardFrames" "--gtest_also_run_disabled_tests"
Directory: /home/runner/work/Huginn/Huginn/build_ci
"Board120.PlayableAndOffboardFrames" start time: Aug 25 13:57 UTC
Output:
----------------------------------------------------------
Note: Google Test filter = Board120.PlayableAndOffboardFrames
[==========] Running 1 test from 1 test suite.
[----------] Global test environment set-up.
[----------] 1 test from Board120
[ RUN      ] Board120.PlayableAndOffboardFrames
[       OK ] Board120.PlayableAndOffboardFrames (0 ms)
[----------] 1 test from Board120 (0 ms total)

[----------] Global test environment tear-down
[==========] 1 test from 1 test suite ran. (0 ms total)
[  PASSED  ] 1 test.
<end of output>
Test time =   0.00 sec
----------------------------------------------------------
Test Passed.
"Board120.PlayableAndOffboardFrames" end time: Aug 25 13:57 UTC
"Board120.PlayableAndOffboardFrames" time elapsed: 00:00:00
----------------------------------------------------------

3/195 Testing: Board120.FileRankOfRoundTrip
3/195 Test: Board120.FileRankOfRoundTrip
Command: "/home/runner/work/Huginn/Huginn/build_ci/huginn_tests" "--gtest_filter=Board120.FileRankOfRoundTrip" "--gtest_also_run_disabled_tests"
Directory: /home/runner/work/Huginn/Huginn/build_ci
"Board120.FileRankOfRoundTrip" start time: Aug 25 13:57 UTC
Output:
----------------------------------------------------------
Note: Google Test filter = Board120.FileRankOfRoundTrip
[==========] Running 1 test from 1 test suite.
[----------] Global test environment set-up.
[----------] 1 test from Board120
[ RUN      ] Board120.FileRankOfRoundTrip
[       OK ] Board120.FileRankOfRoundTrip (0 ms)
[----------] 1 test from Board120 (0 ms total)

[----------] Global test environment tear-down
[==========] 1 test from 1 test suite ran. (0 ms total)
[  PASSED  ] 1 test.
<end of output>
Test time =   0.00 sec
----------------------------------------------------------
Test Passed.
"Board120.FileRankOfRoundTrip" end time: Aug 25 13:57 UTC
"Board120.FileRankOfRoundTrip" time elapsed: 00:00:00
----------------------------------------------------------

4/195 Testing: Board120.FileOfRankOfOffboard
4/195 Test: Board120.FileOfRankOfOffboard
Command: "/home/runner/work/Huginn/Huginn/build_ci/huginn_tests" "--gtest_filter=Board120.FileOfRankOfOffboard" "--gtest_also_run_disabled_tests"
Directory: /home/runner/work/Huginn/Huginn/build_ci
"Board120.FileOfRankOfOffboard" start time: Aug 25 13:57 UTC
Output:
----------------------------------------------------------
Note: Google Test filter = Board120.FileOfRankOfOffboard
[==========] Running 1 test from 1 test suite.
[----------] Global test environment set-up.
[----------] 1 test from Board120
[ RUN      ] Board120.FileOfRankOfOffboard
[       OK ] Board120.FileOfRankOfOffboard (0 ms)
[----------] 1 test from Board120 (0 ms total)

[----------] Global test environment tear-down
[==========] 1 test from 1 test suite ran. (0 ms total)
[  PASSED  ] 1 test.
<end of output>
Test time =   0.00 sec
----------------------------------------------------------
Test Passed.
"Board120.FileOfRankOfOffboard" end time: Aug 25 13:57 UTC
"Board120.FileOfRankOfOffboard" time elapsed: 00:00:00
----------------------------------------------------------

5/195 Testing: Board120.DirectionOffsets
5/195 Test: Board120.DirectionOffsets
Command: "/home/runner/work/Huginn/Huginn/build_ci/huginn_tests" "--gtest_filter=Board120.DirectionOffsets" "--gtest_also_run_disabled_tests"
Directory: /home/runner/work/Huginn/Huginn/build_ci
"Board120.DirectionOffsets" start time: Aug 25 13:57 UTC
Output:
----------------------------------------------------------
Note: Google Test filter = Board120.DirectionOffsets
[==========] Running 1 test from 1 test suite.
[----------] Global test environment set-up.
[----------] 1 test from Board120
[ RUN      ] Board120.DirectionOffsets
[       OK ] Board120.DirectionOffsets (0 ms)
[----------] 1 test from Board120 (0 ms total)

[----------] Global test environment tear-down
[==========] 1 test from 1 test suite ran. (0 ms total)
[  PASSED  ] 1 test.
<end of output>
Test time =   0.00 sec
----------------------------------------------------------
Test Passed.
"Board120.DirectionOffsets" end time: Aug 25 13:57 UTC
"Board120.DirectionOffsets" time elapsed: 00:00:00
----------------------------------------------------------

6/195 Testing: Board120.KnightTargetsFromCorners
6/195 Test: Board120.KnightTargetsFromCorners
Command: "/home/runner/work/Huginn/Huginn/build_ci/huginn_tests" "--gtest_filter=Board120.KnightTargetsFromCorners" "--gtest_also_run_disabled_tests"
Directory: /home/runner/work/Huginn/Huginn/build_ci
"Board120.KnightTargetsFromCorners" start time: Aug 25 13:57 UTC
Output:
----------------------------------------------------------
Note: Google Test filter = Board120.KnightTargetsFromCorners
[==========] Running 1 test from 1 test suite.
[----------] Global test environment set-up.
[----------] 1 test from Board120
[ RUN      ] Board120.KnightTargetsFromCorners
[       OK ] Board120.KnightTargetsFromCorners (0 ms)
[----------] 1 test from Board120 (0 ms total)

[----------] Global test environment tear-down
[==========] 1 test from 1 test suite ran. (0 ms total)
[  PASSED  ] 1 test.
<end of output>
Test time =   0.00 sec
----------------------------------------------------------
Test Passed.
"Board120.KnightTargetsFromCorners" end time: Aug 25 13:57 UTC
"Board120.KnightTargetsFromCorners" time elapsed: 00:00:00
----------------------------------------------------------

7/195 Testing: Board120.KingNeighborhoodCenterVsEdge
7/195 Test: Board120.KingNeighborhoodCenterVsEdge
Command: "/home/runner/work/Huginn/Huginn/build_ci/huginn_tests" "--gtest_filter=Board120.KingNeighborhoodCenterVsEdge" "--gtest_also_run_disabled_tests"
Directory: /home/runner/work/Huginn/Huginn/build_ci
"Board120.KingNeighborhoodCenterVsEdge" start time: Aug 25 13:57 UTC
Output:
----------------------------------------------------------
Note: Google Test filter = Board120.KingNeighborhoodCenterVsEdge
[==========] Running 1 test from 1 test suite.
[----------] Global test environment set-up.
[----------] 1 test from Board120
[ RUN      ] Board120.KingNeighborhoodCenterVsEdge
[       OK ] Board120.KingNeighborhoodCenterVsEdge (0 ms)
[----------] 1 test from Board120 (0 ms total)

[----------] Global test environment tear-down
[==========] 1 test from 1 test suite ran. (0 ms total)
[  PASSED  ] 1 test.
<end of output>
Test time =   0.00 sec
----------------------------------------------------------
Test Passed.
"Board120.KingNeighborhoodCenterVsEdge" end time: Aug 25 13:57 UTC
"Board120.KingNeighborhoodCenterVsEdge" time elapsed: 00:00:00
----------------------------------------------------------

8/195 Testing: Board120.MailboxMapsRoundTrip64
8/195 Test: Board120.MailboxMapsRoundTrip64
Command: "/home/runner/work/Huginn/Huginn/build_ci/huginn_tests" "--gtest_filter=Board120.MailboxMapsRoundTrip64" "--gtest_also_run_disabled_tests"
Directory: /home/runner/work/Huginn/Huginn/build_ci
"Board120.MailboxMapsRoundTrip64" start time: Aug 25 13:57 UTC
Output:
----------------------------------------------------------
Note: Google Test filter = Board120.MailboxMapsRoundTrip64
[==========] Running 1 test from 1 test suite.
[----------] Global test environment set-up.
[----------] 1 test from Board120
[ RUN      ] Board120.MailboxMapsRoundTrip64
[       OK ] Board120.MailboxMapsRoundTrip64 (0 ms)
[----------] 1 test from Board120 (0 ms total)

[----------] Global test environment tear-down
[==========] 1 test from 1 test suite ran. (0 ms total)
[  PASSED  ] 1 test.
<end of output>
Test time =   0.00 sec
----------------------------------------------------------
Test Passed.
"Board120.MailboxMapsRoundTrip64" end time: Aug 25 13:57 UTC
"Board120.MailboxMapsRoundTrip64" time elapsed: 00:00:00
----------------------------------------------------------

9/195 Testing: Board120.ExplicitOffboardSentinels
9/195 Test: Board120.ExplicitOffboardSentinels
Command: "/home/runner/work/Huginn/Huginn/build_ci/huginn_tests" "--gtest_filter=Board120.ExplicitOffboardSentinels" "--gtest_also_run_disabled_tests"
Directory: /home/runner/work/Huginn/Huginn/build_ci
"Board120.ExplicitOffboardSentinels" start time: Aug 25 13:57 UTC
Output:
----------------------------------------------------------
Note: Google Test filter = Board120.ExplicitOffboardSentinels
[==========] Running 1 test from 1 test suite.
[----------] Global test environment set-up.
[----------] 1 test from Board120
[ RUN      ] Board120.ExplicitOffboardSentinels
[       OK ] Board120.ExplicitOffboardSentinels (0 ms)
[----------] 1 test from Board120 (0 ms total)

[----------] Global test environment tear-down
[==========] 1 test from 1 test suite ran. (0 ms total)
[  PASSED  ] 1 test.
<end of output>
Test time =   0.00 sec
----------------------------------------------------------
Test Passed.
"Board120.ExplicitOffboardSentinels" end time: Aug 25 13:57 UTC
"Board120.ExplicitOffboardSentinels" time elapsed: 00:00:00
----------------------------------------------------------

10/195 Testing: Board120.BoardClearSetsFramesOffboard
10/195 Test: Board120.BoardClearSetsFramesOffboard
Command: "/home/runner/work/Huginn/Huginn/build_ci/huginn_tests" "--gtest_filter=Board120.BoardClearSetsFramesOffboard" "--gtest_also_run_disabled_tests"
Directory: /home/runner/work/Huginn/Huginn/build_ci
"Board120.BoardClearSetsFramesOffboard" start time: Aug 25 13:57 UTC
Output:
----------------------------------------------------------
Note: Google Test filter = Board120.BoardClearSetsFramesOffboard
[==========] Running 1 test from 1 test suite.
[----------] Global test environment set-up.
[----------] 1 test from Board120
[ RUN      ] Board120.BoardClearSetsFramesOffboard
[       OK ] Board120.BoardClearSetsFramesOffboard (0 ms)
[----------] 1 test from Board120 (0 ms total)

[----------] Global test environment tear-down
[==========] 1 test from 1 test suite ran. (0 ms total)
[  PASSED  ] 1 test.
<end of output>
Test time =   0.00 sec
----------------------------------------------------------
Test Passed.
"Board120.BoardClearSetsFramesOffboard" end time: Aug 25 13:57 UTC
"Board120.BoardClearSetsFramesOffboard" time elapsed: 00:00:00
----------------------------------------------------------

11/195 Testing: ChessTypes.MakeAndDecompose
11/195 Test: ChessTypes.MakeAndDecompose
Command: "/home/runner/work/Huginn/Huginn/build_ci/huginn_tests" "--gtest_filter=ChessTypes.MakeAndDecompose" "--gtest_also_run_disabled_tests"
Directory: /home/runner/work/Huginn/Huginn/build_ci
"ChessTypes.MakeAndDecompose" start time: Aug 25 13:57 UTC
Output:
----------------------------------------------------------
Note: Google Test filter = ChessTypes.MakeAndDecompose
[==========] Running 1 test from 1 test suite.
[----------] Global test environment set-up.
[----------] 1 test from ChessTypes
[ RUN      ] ChessTypes.MakeAndDecompose
[       OK ] ChessTypes.MakeAndDecompose (0 ms)
[----------] 1 test from ChessTypes (0 ms total)

[----------] Global test environment tear-down
[==========] 1 test from 1 test suite ran. (0 ms total)
[  PASSED  ] 1 test.
<end of output>
Test time =   0.00 sec
----------------------------------------------------------
Test Passed.
"ChessTypes.MakeAndDecompose" end time: Aug 25 13:57 UTC
"ChessTypes.MakeAndDecompose" time elapsed: 00:00:00
----------------------------------------------------------

12/195 Testing: ChessTypes.CharConversions
12/195 Test: ChessTypes.CharConversions
Command: "/home/runner/work/Huginn/Huginn/build_ci/huginn_tests" "--gtest_filter=ChessTypes.CharConversions" "--gtest_also_run_disabled_tests"
Directory: /home/runner/work/Huginn/Huginn/build_ci
"ChessTypes.CharConversions" start time: Aug 25 13:57 UTC
Output:
----------------------------------------------------------
Note: Google Test filter = ChessTypes.CharConversions
[==========] Running 1 test from 1 test suite.
[----------] Global test environment set-up.
[----------] 1 test from ChessTypes
[ RUN      ] ChessTypes.CharConversions
[       OK ] ChessTypes.CharConversions (0 ms)
[----------] 1 test from ChessTypes (0 ms total)

[----------] Global test environment tear-down
[==========] 1 test from 1 test suite ran. (0 ms total)
[  PASSED  ] 1 test.
<end of output>
Test time =   0.00 sec
----------------------------------------------------------
Test Passed.
"ChessTypes.CharConversions" end time: Aug 25 13:57 UTC
"ChessTypes.CharConversions" time elapsed: 00:00:00
----------------------------------------------------------

13/195 Testing: ChessTypes.ValuesAndClassifiers
13/195 Test: ChessTypes.ValuesAndClassifiers
Command: "/home/runner/work/Huginn/Huginn/build_ci/huginn_tests" "--gtest_filter=ChessTypes.ValuesAndClassifiers" "--gtest_also_run_disabled_tests"
Directory: /home/runner/work/Huginn/Huginn/build_ci
"ChessTypes.ValuesAndClassifiers" start time: Aug 25 13:57 UTC
Output:
----------------------------------------------------------
Note: Google Test filter = ChessTypes.ValuesAndClassifiers
[==========] Running 1 test from 1 test suite.
[----------] Global test environment set-up.
[----------] 1 test from ChessTypes
[ RUN      ] ChessTypes.ValuesAndClassifiers
[       OK ] ChessTypes.ValuesAndClassifiers (0 ms)
[----------] 1 test from ChessTypes (0 ms total)

[----------] Global test environment tear-down
[==========] 1 test from 1 test suite ran. (0 ms total)
[  PASSED  ] 1 test.
<end of output>
Test time =   0.00 sec
----------------------------------------------------------
Test Passed.
"ChessTypes.ValuesAndClassifiers" end time: Aug 25 13:57 UTC
"ChessTypes.ValuesAndClassifiers" time elapsed: 00:00:00
----------------------------------------------------------

14/195 Testing: Perft.StartposSmoke_KingsAndPawns
14/195 Test: Perft.StartposSmoke_KingsAndPawns
Command: "/home/runner/work/Huginn/Huginn/build_ci/huginn_tests" "--gtest_filter=Perft.StartposSmoke_KingsAndPawns" "--gtest_also_run_disabled_tests"
Directory: /home/runner/work/Huginn/Huginn/build_ci
"Perft.StartposSmoke_KingsAndPawns" start time: Aug 25 13:57 UTC
Output:
----------------------------------------------------------
Note: Google Test filter = Perft.StartposSmoke_KingsAndPawns
[==========] Running 1 test from 1 test suite.
[----------] Global test environment set-up.
[----------] 1 test from Perft
[ RUN      ] Perft.StartposSmoke_KingsAndPawns
[       OK ] Perft.StartposSmoke_KingsAndPawns (0 ms)
[----------] 1 test from Perft (0 ms total)

[----------] Global test environment tear-down
[==========] 1 test from 1 test suite ran. (0 ms total)
[  PASSED  ] 1 test.
<end of output>
Test time =   0.00 sec
----------------------------------------------------------
Test Passed.
"Perft.StartposSmoke_KingsAndPawns" end time: Aug 25 13:57 UTC
"Perft.StartposSmoke_KingsAndPawns" time elapsed: 00:00:00
----------------------------------------------------------

15/195 Testing: Perft.Startpos_d1_is_20
15/195 Test: Perft.Startpos_d1_is_20
Command: "/home/runner/work/Huginn/Huginn/build_ci/huginn_tests" "--gtest_filter=Perft.Startpos_d1_is_20" "--gtest_also_run_disabled_tests"
Directory: /home/runner/work/Huginn/Huginn/build_ci
"Perft.Startpos_d1_is_20" start time: Aug 25 13:57 UTC
Output:
----------------------------------------------------------
Note: Google Test filter = Perft.Startpos_d1_is_20
[==========] Running 1 test from 1 test suite.
[----------] Global test environment set-up.
[----------] 1 test from Perft
[ RUN      ] Perft.Startpos_d1_is_20
[       OK ] Perft.Startpos_d1_is_20 (0 ms)
[----------] 1 test from Perft (0 ms total)

[----------] Global test environment tear-down
[==========] 1 test from 1 test suite ran. (0 ms total)
[  PASSED  ] 1 test.
<end of output>
Test time =   0.00 sec
----------------------------------------------------------
Test Passed.
"Perft.Startpos_d1_is_20" end time: Aug 25 13:57 UTC
"Perft.Startpos_d1_is_20" time elapsed: 00:00:00
----------------------------------------------------------

16/195 Testing: Perft.Startpos_d1_partial
16/195 Test: Perft.Startpos_d1_partial
Command: "/home/runner/work/Huginn/Huginn/build_ci/huginn_tests" "--gtest_filter=Perft.Startpos_d1_partial" "--gtest_also_run_disabled_tests"
Directory: /home/runner/work/Huginn/Huginn/build_ci
"Perft.Startpos_d1_partial" start time: Aug 25 13:57 UTC
Output:
----------------------------------------------------------
Note: Google Test filter = Perft.Startpos_d1_partial
[==========] Running 1 test from 1 test suite.
[----------] Global test environment set-up.
[----------] 1 test from Perft
[ RUN      ] Perft.Startpos_d1_partial
Move count at depth 1: 20
[       OK ] Perft.Startpos_d1_partial (0 ms)
[----------] 1 test from Perft (0 ms total)

[----------] Global test environment tear-down
[==========] 1 test from 1 test suite ran. (0 ms total)
[  PASSED  ] 1 test.
<end of output>
Test time =   0.00 sec
----------------------------------------------------------
Test Passed.
"Perft.Startpos_d1_partial" end time: Aug 25 13:57 UTC
"Perft.Startpos_d1_partial" time elapsed: 00:00:00
----------------------------------------------------------

17/195 Testing: Perft.Startpos_d2_is_400
17/195 Test: Perft.Startpos_d2_is_400
Command: "/home/runner/work/Huginn/Huginn/build_ci/huginn_tests" "--gtest_filter=Perft.Startpos_d2_is_400" "--gtest_also_run_disabled_tests"
Directory: /home/runner/work/Huginn/Huginn/build_ci
"Perft.Startpos_d2_is_400" start time: Aug 25 13:57 UTC
Output:
----------------------------------------------------------
Note: Google Test filter = Perft.Startpos_d2_is_400
[==========] Running 1 test from 1 test suite.
[----------] Global test environment set-up.
[----------] 1 test from Perft
[ RUN      ] Perft.Startpos_d2_is_400
[       OK ] Perft.Startpos_d2_is_400 (0 ms)
[----------] 1 test from Perft (0 ms total)

[----------] Global test environment tear-down
[==========] 1 test from 1 test suite ran. (0 ms total)
[  PASSED  ] 1 test.
<end of output>
Test time =   0.00 sec
----------------------------------------------------------
Test Passed.
"Perft.Startpos_d2_is_400" end time: Aug 25 13:57 UTC
"Perft.Startpos_d2_is_400" time elapsed: 00:00:00
----------------------------------------------------------

18/195 Testing: Perft.Startpos_d3_is_8902
18/195 Test: Perft.Startpos_d3_is_8902
Command: "/home/runner/work/Huginn/Huginn/build_ci/huginn_tests" "--gtest_filter=Perft.Startpos_d3_is_8902" "--gtest_also_run_disabled_tests"
Directory: /home/runner/work/Huginn/Huginn/build_ci
"Perft.Startpos_d3_is_8902" start time: Aug 25 13:57 UTC
Output:
----------------------------------------------------------
Note: Google Test filter = Perft.Startpos_d3_is_8902
[==========] Running 1 test from 1 test suite.
[----------] Global test environment set-up.
[----------] 1 test from Perft
[ RUN      ] Perft.Startpos_d3_is_8902
[       OK ] Perft.Startpos_d3_is_8902 (2 ms)
[----------] 1 test from Perft (2 ms total)

[----------] Global test environment tear-down
[==========] 1 test from 1 test suite ran. (2 ms total)
[  PASSED  ] 1 test.
<end of output>
Test time =   0.00 sec
----------------------------------------------------------
Test Passed.
"Perft.Startpos_d3_is_8902" end time: Aug 25 13:57 UTC
"Perft.Startpos_d3_is_8902" time elapsed: 00:00:00
----------------------------------------------------------

19/195 Testing: Perft.Debug_Startpos_Legal_Check
19/195 Test: Perft.Debug_Startpos_Legal_Check
Command: "/home/runner/work/Huginn/Huginn/build_ci/huginn_tests" "--gtest_filter=Perft.Debug_Startpos_Legal_Check" "--gtest_also_run_disabled_tests"
Directory: /home/runner/work/Huginn/Huginn/build_ci
"Perft.Debug_Startpos_Legal_Check" start time: Aug 25 13:57 UTC
Output:
----------------------------------------------------------
Note: Google Test filter = Perft.Debug_Startpos_Legal_Check
[==========] Running 1 test from 1 test suite.
[----------] Global test environment set-up.
[----------] 1 test from Perft
[ RUN      ] Perft.Debug_Startpos_Legal_Check
Testing legality check with start position:
King in check: NO
Pseudo-legal: 20, Legal: 20
[       OK ] Perft.Debug_Startpos_Legal_Check (0 ms)
[----------] 1 test from Perft (0 ms total)

[----------] Global test environment tear-down
[==========] 1 test from 1 test suite ran. (0 ms total)
[  PASSED  ] 1 test.
<end of output>
Test time =   0.00 sec
----------------------------------------------------------
Test Passed.
"Perft.Debug_Startpos_Legal_Check" end time: Aug 25 13:57 UTC
"Perft.Debug_Startpos_Legal_Check" time elapsed: 00:00:00
----------------------------------------------------------

20/195 Testing: Perft.Debug_Kiwipete_Check
20/195 Test: Perft.Debug_Kiwipete_Check
Command: "/home/runner/work/Huginn/Huginn/build_ci/huginn_tests" "--gtest_filter=Perft.Debug_Kiwipete_Check" "--gtest_also_run_disabled_tests"
Directory: /home/runner/work/Huginn/Huginn/build_ci
"Perft.Debug_Kiwipete_Check" start time: Aug 25 13:57 UTC
Output:
----------------------------------------------------------
Note: Google Test filter = Perft.Debug_Kiwipete_Check
[==========] Running 1 test from 1 test suite.
[----------] Global test environment set-up.
[----------] 1 test from Perft
[ RUN      ] Perft.Debug_Kiwipete_Check
White king position: 27
Black queen attacks white king: 1
Checking what's attacking the white king on g1...
Found black piece at 32 that could be attacking
Found black piece at 41 that could be attacking
Found black piece at 61 that could be attacking
Found black piece at 72 that could be attacking
Found black piece at 76 that could be attacking
Found black piece at 77 that could be attacking
Found black piece at 82 that could be attacking
Found black piece at 83 that could be attacking
Found black piece at 84 that could be attacking
Found black piece at 86 that could be attacking
Found black piece at 87 that could be attacking
Found black piece at 88 that could be attacking
Found black piece at 91 that could be attacking
Found black piece at 95 that could be attacking
Found black piece at 98 that could be attacking
[       OK ] Perft.Debug_Kiwipete_Check (0 ms)
[----------] 1 test from Perft (0 ms total)

[----------] Global test environment tear-down
[==========] 1 test from 1 test suite ran. (0 ms total)
[  PASSED  ] 1 test.
<end of output>
Test time =   0.00 sec
----------------------------------------------------------
Test Passed.
"Perft.Debug_Kiwipete_Check" end time: Aug 25 13:57 UTC
"Perft.Debug_Kiwipete_Check" time elapsed: 00:00:00
----------------------------------------------------------

21/195 Testing: Perft.Kiwipete_d1_48_d2_2039
21/195 Test: Perft.Kiwipete_d1_48_d2_2039
Command: "/home/runner/work/Huginn/Huginn/build_ci/huginn_tests" "--gtest_filter=Perft.Kiwipete_d1_48_d2_2039" "--gtest_also_run_disabled_tests"
Directory: /home/runner/work/Huginn/Huginn/build_ci
"Perft.Kiwipete_d1_48_d2_2039" start time: Aug 25 13:57 UTC
Output:
----------------------------------------------------------
Note: Google Test filter = Perft.Kiwipete_d1_48_d2_2039
[==========] Running 1 test from 1 test suite.
[----------] Global test environment set-up.
[----------] 1 test from Perft
[ RUN      ] Perft.Kiwipete_d1_48_d2_2039
Kiwipete FEN: r3k2r/p1ppqpb1/bn2pnp1/3PN3/1p2P3/2N2Q1p/PPPBBPPP/R3K2R w KQkq - 0 1
Parsed back: r3k2r/p1ppqpb1/bn2pnp1/3PN3/1p2P3/2N2Q1p/PPPBBPPP/R3K2R w KQkq - 0 1
Side to move: White
King positions: White=25, Black=95
Generated 48 pseudo-legal moves

First 10 pseudo-legal moves and their legality:
1. from=31 to=41 legal=YES check_before=NO check_after=NO
2. from=31 to=51 legal=YES check_before=NO check_after=NO
3. from=32 to=42 legal=YES check_before=NO check_after=NO
4. from=37 to=47 legal=YES check_before=NO check_after=NO
5. from=37 to=57 legal=YES check_before=NO check_after=NO
6. from=37 to=48 legal=YES check_before=NO check_after=NO
7. from=64 to=74 legal=YES check_before=NO check_after=NO
8. from=64 to=75 legal=YES check_before=NO check_after=NO
9. from=43 to=62 legal=YES check_before=NO check_after=NO
10. from=43 to=51 legal=YES check_before=NO check_after=NO

Testing with pseudo-legal moves only (no legality check):
Pseudo-perft(1) = 48 (generated pseudo-legal moves)
Generated 48 legal moves

All legal moves found:
1. from=31 to=41
2. from=31 to=51
3. from=32 to=42
4. from=37 to=47
5. from=37 to=57
6. from=37 to=48
7. from=64 to=74
8. from=64 to=75
9. from=43 to=62
10. from=43 to=51
11. from=43 to=24
12. from=43 to=22
13. from=65 to=86
14. from=65 to=84
15. from=65 to=77
16. from=65 to=73
17. from=65 to=57
18. from=65 to=53
19. from=65 to=44
20. from=34 to=45
21. from=34 to=56
22. from=34 to=67
23. from=34 to=78
24. from=34 to=23
25. from=35 to=44
26. from=35 to=53
27. from=35 to=62
28. from=35 to=71
29. from=35 to=26
30. from=35 to=24
31. from=21 to=22
32. from=21 to=23
33. from=21 to=24
34. from=28 to=27
35. from=28 to=26
36. from=46 to=56
37. from=46 to=66
38. from=46 to=76
39. from=46 to=47
40. from=46 to=48
41. from=46 to=45
42. from=46 to=44
43. from=46 to=57
44. from=46 to=68
45. from=25 to=26
46. from=25 to=24
47. from=25 to=27 (castle)
48. from=25 to=23 (castle)
Perft(1) = 48 (expected 48)
Perft(2) = 2039 (expected 2039)
[       OK ] Perft.Kiwipete_d1_48_d2_2039 (0 ms)
[----------] 1 test from Perft (0 ms total)

[----------] Global test environment tear-down
[==========] 1 test from 1 test suite ran. (0 ms total)
[  PASSED  ] 1 test.
<end of output>
Test time =   0.00 sec
----------------------------------------------------------
Test Passed.
"Perft.Kiwipete_d1_48_d2_2039" end time: Aug 25 13:57 UTC
"Perft.Kiwipete_d1_48_d2_2039" time elapsed: 00:00:00
----------------------------------------------------------

22/195 Testing: BoardState.StartposCountsAndKeyStable
22/195 Test: BoardState.StartposCountsAndKeyStable
Command: "/home/runner/work/Huginn/Huginn/build_ci/huginn_tests" "--gtest_filter=BoardState.StartposCountsAndKeyStable" "--gtest_also_run_disabled_tests"
Directory: /home/runner/work/Huginn/Huginn/build_ci
"BoardState.StartposCountsAndKeyStable" start time: Aug 25 13:57 UTC
Output:
----------------------------------------------------------
Note: Google Test filter = BoardState.StartposCountsAndKeyStable
[==========] Running 1 test from 1 test suite.
[----------] Global test environment set-up.
[----------] 1 test from BoardState
[ RUN      ] BoardState.StartposCountsAndKeyStable
[       OK ] BoardState.StartposCountsAndKeyStable (0 ms)
[----------] 1 test from BoardState (0 ms total)

[----------] Global test environment tear-down
[==========] 1 test from 1 test suite ran. (0 ms total)
[  PASSED  ] 1 test.
<end of output>
Test time =   0.00 sec
----------------------------------------------------------
Test Passed.
"BoardState.StartposCountsAndKeyStable" end time: Aug 25 13:57 UTC
"BoardState.StartposCountsAndKeyStable" time elapsed: 00:00:00
----------------------------------------------------------

23/195 Testing: BitboardTest.BitManipulationMacros
23/195 Test: BitboardTest.BitManipulationMacros
Command: "/home/runner/work/Huginn/Huginn/build_ci/huginn_tests" "--gtest_filter=BitboardTest.BitManipulationMacros" "--gtest_also_run_disabled_tests"
Directory: /home/runner/work/Huginn/Huginn/build_ci
"BitboardTest.BitManipulationMacros" start time: Aug 25 13:57 UTC
Output:
----------------------------------------------------------
Note: Google Test filter = BitboardTest.BitManipulationMacros
[==========] Running 1 test from 1 test suite.
[----------] Global test environment set-up.
[----------] 1 test from BitboardTest
[ RUN      ] BitboardTest.BitManipulationMacros
[       OK ] BitboardTest.BitManipulationMacros (0 ms)
[----------] 1 test from BitboardTest (0 ms total)

[----------] Global test environment tear-down
[==========] 1 test from 1 test suite ran. (0 ms total)
[  PASSED  ] 1 test.
<end of output>
Test time =   0.00 sec
----------------------------------------------------------
Test Passed.
"BitboardTest.BitManipulationMacros" end time: Aug 25 13:57 UTC
"BitboardTest.BitManipulationMacros" time elapsed: 00:00:00
----------------------------------------------------------

24/195 Testing: BitboardTest.PrecomputedMasks
24/195 Test: BitboardTest.PrecomputedMasks
Command: "/home/runner/work/Huginn/Huginn/build_ci/huginn_tests" "--gtest_filter=BitboardTest.PrecomputedMasks" "--gtest_also_run_disabled_tests"
Directory: /home/runner/work/Huginn/Huginn/build_ci
"BitboardTest.PrecomputedMasks" start time: Aug 25 13:57 UTC
Output:
----------------------------------------------------------
Note: Google Test filter = BitboardTest.PrecomputedMasks
[==========] Running 1 test from 1 test suite.
[----------] Global test environment set-up.
[----------] 1 test from BitboardTest
[ RUN      ] BitboardTest.PrecomputedMasks
[       OK ] BitboardTest.PrecomputedMasks (0 ms)
[----------] 1 test from BitboardTest (0 ms total)

[----------] Global test environment tear-down
[==========] 1 test from 1 test suite ran. (0 ms total)
[  PASSED  ] 1 test.
<end of output>
Test time =   0.00 sec
----------------------------------------------------------
Test Passed.
"BitboardTest.PrecomputedMasks" end time: Aug 25 13:57 UTC
"BitboardTest.PrecomputedMasks" time elapsed: 00:00:00
----------------------------------------------------------

25/195 Testing: BitboardTest.SquareIndexing
25/195 Test: BitboardTest.SquareIndexing
Command: "/home/runner/work/Huginn/Huginn/build_ci/huginn_tests" "--gtest_filter=BitboardTest.SquareIndexing" "--gtest_also_run_disabled_tests"
Directory: /home/runner/work/Huginn/Huginn/build_ci
"BitboardTest.SquareIndexing" start time: Aug 25 13:57 UTC
Output:
----------------------------------------------------------
Note: Google Test filter = BitboardTest.SquareIndexing
[==========] Running 1 test from 1 test suite.
[----------] Global test environment set-up.
[----------] 1 test from BitboardTest
[ RUN      ] BitboardTest.SquareIndexing
[       OK ] BitboardTest.SquareIndexing (0 ms)
[----------] 1 test from BitboardTest (0 ms total)

[----------] Global test environment tear-down
[==========] 1 test from 1 test suite ran. (0 ms total)
[  PASSED  ] 1 test.
<end of output>
Test time =   0.00 sec
----------------------------------------------------------
Test Passed.
"BitboardTest.SquareIndexing" end time: Aug 25 13:57 UTC
"BitboardTest.SquareIndexing" time elapsed: 00:00:00
----------------------------------------------------------

26/195 Testing: BitboardTest.SquareConversion
26/195 Test: BitboardTest.SquareConversion
Command: "/home/runner/work/Huginn/Huginn/build_ci/huginn_tests" "--gtest_filter=BitboardTest.SquareConversion" "--gtest_also_run_disabled_tests"
Directory: /home/runner/work/Huginn/Huginn/build_ci
"BitboardTest.SquareConversion" start time: Aug 25 13:57 UTC
Output:
----------------------------------------------------------
Note: Google Test filter = BitboardTest.SquareConversion
[==========] Running 1 test from 1 test suite.
[----------] Global test environment set-up.
[----------] 1 test from BitboardTest
[ RUN      ] BitboardTest.SquareConversion
[       OK ] BitboardTest.SquareConversion (0 ms)
[----------] 1 test from BitboardTest (0 ms total)

[----------] Global test environment tear-down
[==========] 1 test from 1 test suite ran. (0 ms total)
[  PASSED  ] 1 test.
<end of output>
Test time =   0.00 sec
----------------------------------------------------------
Test Passed.
"BitboardTest.SquareConversion" end time: Aug 25 13:57 UTC
"BitboardTest.SquareConversion" time elapsed: 00:00:00
----------------------------------------------------------

27/195 Testing: BitboardTest.RoundTripConversion
27/195 Test: BitboardTest.RoundTripConversion
Command: "/home/runner/work/Huginn/Huginn/build_ci/huginn_tests" "--gtest_filter=BitboardTest.RoundTripConversion" "--gtest_also_run_disabled_tests"
Directory: /home/runner/work/Huginn/Huginn/build_ci
"BitboardTest.RoundTripConversion" start time: Aug 25 13:57 UTC
Output:
----------------------------------------------------------
Note: Google Test filter = BitboardTest.RoundTripConversion
[==========] Running 1 test from 1 test suite.
[----------] Global test environment set-up.
[----------] 1 test from BitboardTest
[ RUN      ] BitboardTest.RoundTripConversion
[       OK ] BitboardTest.RoundTripConversion (0 ms)
[----------] 1 test from BitboardTest (0 ms total)

[----------] Global test environment tear-down
[==========] 1 test from 1 test suite ran. (0 ms total)
[  PASSED  ] 1 test.
<end of output>
Test time =   0.00 sec
----------------------------------------------------------
Test Passed.
"BitboardTest.RoundTripConversion" end time: Aug 25 13:57 UTC
"BitboardTest.RoundTripConversion" time elapsed: 00:00:00
----------------------------------------------------------

28/195 Testing: BitboardTest.UtilityFunctions
28/195 Test: BitboardTest.UtilityFunctions
Command: "/home/runner/work/Huginn/Huginn/build_ci/huginn_tests" "--gtest_filter=BitboardTest.UtilityFunctions" "--gtest_also_run_disabled_tests"
Directory: /home/runner/work/Huginn/Huginn/build_ci
"BitboardTest.UtilityFunctions" start time: Aug 25 13:57 UTC
Output:
----------------------------------------------------------
Note: Google Test filter = BitboardTest.UtilityFunctions
[==========] Running 1 test from 1 test suite.
[----------] Global test environment set-up.
[----------] 1 test from BitboardTest
[ RUN      ] BitboardTest.UtilityFunctions
[       OK ] BitboardTest.UtilityFunctions (0 ms)
[----------] 1 test from BitboardTest (0 ms total)

[----------] Global test environment tear-down
[==========] 1 test from 1 test suite ran. (0 ms total)
[  PASSED  ] 1 test.
<end of output>
Test time =   0.00 sec
----------------------------------------------------------
Test Passed.
"BitboardTest.UtilityFunctions" end time: Aug 25 13:57 UTC
"BitboardTest.UtilityFunctions" time elapsed: 00:00:00
----------------------------------------------------------

29/195 Testing: BitboardTest.LSBFunctions
29/195 Test: BitboardTest.LSBFunctions
Command: "/home/runner/work/Huginn/Huginn/build_ci/huginn_tests" "--gtest_filter=BitboardTest.LSBFunctions" "--gtest_also_run_disabled_tests"
Directory: /home/runner/work/Huginn/Huginn/build_ci
"BitboardTest.LSBFunctions" start time: Aug 25 13:57 UTC
Output:
----------------------------------------------------------
Note: Google Test filter = BitboardTest.LSBFunctions
[==========] Running 1 test from 1 test suite.
[----------] Global test environment set-up.
[----------] 1 test from BitboardTest
[ RUN      ] BitboardTest.LSBFunctions
[       OK ] BitboardTest.LSBFunctions (0 ms)
[----------] 1 test from BitboardTest (0 ms total)

[----------] Global test environment tear-down
[==========] 1 test from 1 test suite ran. (0 ms total)
[  PASSED  ] 1 test.
<end of output>
Test time =   0.00 sec
----------------------------------------------------------
Test Passed.
"BitboardTest.LSBFunctions" end time: Aug 25 13:57 UTC
"BitboardTest.LSBFunctions" time elapsed: 00:00:00
----------------------------------------------------------

30/195 Testing: BitboardTest.UtilityMacros
30/195 Test: BitboardTest.UtilityMacros
Command: "/home/runner/work/Huginn/Huginn/build_ci/huginn_tests" "--gtest_filter=BitboardTest.UtilityMacros" "--gtest_also_run_disabled_tests"
Directory: /home/runner/work/Huginn/Huginn/build_ci
"BitboardTest.UtilityMacros" start time: Aug 25 13:57 UTC
Output:
----------------------------------------------------------
Note: Google Test filter = BitboardTest.UtilityMacros
[==========] Running 1 test from 1 test suite.
[----------] Global test environment set-up.
[----------] 1 test from BitboardTest
[ RUN      ] BitboardTest.UtilityMacros
[       OK ] BitboardTest.UtilityMacros (0 ms)
[----------] 1 test from BitboardTest (0 ms total)

[----------] Global test environment tear-down
[==========] 1 test from 1 test suite ran. (0 ms total)
[  PASSED  ] 1 test.
<end of output>
Test time =   0.00 sec
----------------------------------------------------------
Test Passed.
"BitboardTest.UtilityMacros" end time: Aug 25 13:57 UTC
"BitboardTest.UtilityMacros" time elapsed: 00:00:00
----------------------------------------------------------

31/195 Testing: BitboardTest.FileAndRankConstants
31/195 Test: BitboardTest.FileAndRankConstants
Command: "/home/runner/work/Huginn/Huginn/build_ci/huginn_tests" "--gtest_filter=BitboardTest.FileAndRankConstants" "--gtest_also_run_disabled_tests"
Directory: /home/runner/work/Huginn/Huginn/build_ci
"BitboardTest.FileAndRankConstants" start time: Aug 25 13:57 UTC
Output:
----------------------------------------------------------
Note: Google Test filter = BitboardTest.FileAndRankConstants
[==========] Running 1 test from 1 test suite.
[----------] Global test environment set-up.
[----------] 1 test from BitboardTest
[ RUN      ] BitboardTest.FileAndRankConstants
[       OK ] BitboardTest.FileAndRankConstants (0 ms)
[----------] 1 test from BitboardTest (0 ms total)

[----------] Global test environment tear-down
[==========] 1 test from 1 test suite ran. (0 ms total)
[  PASSED  ] 1 test.
<end of output>
Test time =   0.00 sec
----------------------------------------------------------
Test Passed.
"BitboardTest.FileAndRankConstants" end time: Aug 25 13:57 UTC
"BitboardTest.FileAndRankConstants" time elapsed: 00:00:00
----------------------------------------------------------

32/195 Testing: BitboardTest.PrintBitboardBasic
32/195 Test: BitboardTest.PrintBitboardBasic
Command: "/home/runner/work/Huginn/Huginn/build_ci/huginn_tests" "--gtest_filter=BitboardTest.PrintBitboardBasic" "--gtest_also_run_disabled_tests"
Directory: /home/runner/work/Huginn/Huginn/build_ci
"BitboardTest.PrintBitboardBasic" start time: Aug 25 13:57 UTC
Output:
----------------------------------------------------------
Note: Google Test filter = BitboardTest.PrintBitboardBasic
[==========] Running 1 test from 1 test suite.
[----------] Global test environment set-up.
[----------] 1 test from BitboardTest
[ RUN      ] BitboardTest.PrintBitboardBasic

    a b c d e f g h
  +---------------+
8 | - - - - - - - - | 8
7 | - - - - - - - - | 7
6 | - - - - - - - - | 6
5 | - - - - - - - - | 5
4 | - - - - - - - - | 4
3 | - - - - - - - - | 3
2 | - - - - - - - - | 2
1 | - - - - - - - - | 1
  +---------------+
    a b c d e f g h


    a b c d e f g h
  +---------------+
8 | X . . . . . . X | 8
7 | . . . . . . . . | 7
6 | . . . . . . . . | 6
5 | . . . . . . . . | 5
4 | . . . . . . . . | 4
3 | . . . . . . . . | 3
2 | . . . . . . . . | 2
1 | X . . . . . . X | 1
  +---------------+
    a b c d e f g h

[       OK ] BitboardTest.PrintBitboardBasic (0 ms)
[----------] 1 test from BitboardTest (0 ms total)

[----------] Global test environment tear-down
[==========] 1 test from 1 test suite ran. (0 ms total)
[  PASSED  ] 1 test.
<end of output>
Test time =   0.00 sec
----------------------------------------------------------
Test Passed.
"BitboardTest.PrintBitboardBasic" end time: Aug 25 13:57 UTC
"BitboardTest.PrintBitboardBasic" time elapsed: 00:00:00
----------------------------------------------------------

33/195 Testing: BitboardTest.CornerSquares
33/195 Test: BitboardTest.CornerSquares
Command: "/home/runner/work/Huginn/Huginn/build_ci/huginn_tests" "--gtest_filter=BitboardTest.CornerSquares" "--gtest_also_run_disabled_tests"
Directory: /home/runner/work/Huginn/Huginn/build_ci
"BitboardTest.CornerSquares" start time: Aug 25 13:57 UTC
Output:
----------------------------------------------------------
Note: Google Test filter = BitboardTest.CornerSquares
[==========] Running 1 test from 1 test suite.
[----------] Global test environment set-up.
[----------] 1 test from BitboardTest
[ RUN      ] BitboardTest.CornerSquares
[       OK ] BitboardTest.CornerSquares (0 ms)
[----------] 1 test from BitboardTest (0 ms total)

[----------] Global test environment tear-down
[==========] 1 test from 1 test suite ran. (0 ms total)
[  PASSED  ] 1 test.
<end of output>
Test time =   0.00 sec
----------------------------------------------------------
Test Passed.
"BitboardTest.CornerSquares" end time: Aug 25 13:57 UTC
"BitboardTest.CornerSquares" time elapsed: 00:00:00
----------------------------------------------------------

34/195 Testing: InitTest.EngineInitialization
34/195 Test: InitTest.EngineInitialization
Command: "/home/runner/work/Huginn/Huginn/build_ci/huginn_tests" "--gtest_filter=InitTest.EngineInitialization" "--gtest_also_run_disabled_tests"
Directory: /home/runner/work/Huginn/Huginn/build_ci
"InitTest.EngineInitialization" start time: Aug 25 13:57 UTC
Output:
----------------------------------------------------------
Note: Google Test filter = InitTest.EngineInitialization
[==========] Running 1 test from 1 test suite.
[----------] Global test environment set-up.
[----------] 1 test from InitTest
[ RUN      ] InitTest.EngineInitialization
[       OK ] InitTest.EngineInitialization (0 ms)
[----------] 1 test from InitTest (0 ms total)

[----------] Global test environment tear-down
[==========] 1 test from 1 test suite ran. (0 ms total)
[  PASSED  ] 1 test.
<end of output>
Test time =   0.00 sec
----------------------------------------------------------
Test Passed.
"InitTest.EngineInitialization" end time: Aug 25 13:57 UTC
"InitTest.EngineInitialization" time elapsed: 00:00:00
----------------------------------------------------------

35/195 Testing: InitTest.ZobristTablesPopulated
35/195 Test: InitTest.ZobristTablesPopulated
Command: "/home/runner/work/Huginn/Huginn/build_ci/huginn_tests" "--gtest_filter=InitTest.ZobristTablesPopulated" "--gtest_also_run_disabled_tests"
Directory: /home/runner/work/Huginn/Huginn/build_ci
"InitTest.ZobristTablesPopulated" start time: Aug 25 13:57 UTC
Output:
----------------------------------------------------------
Note: Google Test filter = InitTest.ZobristTablesPopulated
[==========] Running 1 test from 1 test suite.
[----------] Global test environment set-up.
[----------] 1 test from InitTest
[ RUN      ] InitTest.ZobristTablesPopulated
[       OK ] InitTest.ZobristTablesPopulated (0 ms)
[----------] 1 test from InitTest (0 ms total)

[----------] Global test environment tear-down
[==========] 1 test from 1 test suite ran. (0 ms total)
[  PASSED  ] 1 test.
<end of output>
Test time =   0.00 sec
----------------------------------------------------------
Test Passed.
"InitTest.ZobristTablesPopulated" end time: Aug 25 13:57 UTC
"InitTest.ZobristTablesPopulated" time elapsed: 00:00:00
----------------------------------------------------------

36/195 Testing: InitTest.MultipleInitCallsSafe
36/195 Test: InitTest.MultipleInitCallsSafe
Command: "/home/runner/work/Huginn/Huginn/build_ci/huginn_tests" "--gtest_filter=InitTest.MultipleInitCallsSafe" "--gtest_also_run_disabled_tests"
Directory: /home/runner/work/Huginn/Huginn/build_ci
"InitTest.MultipleInitCallsSafe" start time: Aug 25 13:57 UTC
Output:
----------------------------------------------------------
Note: Google Test filter = InitTest.MultipleInitCallsSafe
[==========] Running 1 test from 1 test suite.
[----------] Global test environment set-up.
[----------] 1 test from InitTest
[ RUN      ] InitTest.MultipleInitCallsSafe
[       OK ] InitTest.MultipleInitCallsSafe (0 ms)
[----------] 1 test from InitTest (0 ms total)

[----------] Global test environment tear-down
[==========] 1 test from 1 test suite ran. (0 ms total)
[  PASSED  ] 1 test.
<end of output>
Test time =   0.00 sec
----------------------------------------------------------
Test Passed.
"InitTest.MultipleInitCallsSafe" end time: Aug 25 13:57 UTC
"InitTest.MultipleInitCallsSafe" time elapsed: 00:00:00
----------------------------------------------------------

37/195 Testing: BoardTest.ResetBoardClearsAllSquares
37/195 Test: BoardTest.ResetBoardClearsAllSquares
Command: "/home/runner/work/Huginn/Huginn/build_ci/huginn_tests" "--gtest_filter=BoardTest.ResetBoardClearsAllSquares" "--gtest_also_run_disabled_tests"
Directory: /home/runner/work/Huginn/Huginn/build_ci
"BoardTest.ResetBoardClearsAllSquares" start time: Aug 25 13:57 UTC
Output:
----------------------------------------------------------
Note: Google Test filter = BoardTest.ResetBoardClearsAllSquares
[==========] Running 1 test from 1 test suite.
[----------] Global test environment set-up.
[----------] 1 test from BoardTest
[ RUN      ] BoardTest.ResetBoardClearsAllSquares
[       OK ] BoardTest.ResetBoardClearsAllSquares (0 ms)
[----------] 1 test from BoardTest (0 ms total)

[----------] Global test environment tear-down
[==========] 1 test from 1 test suite ran. (0 ms total)
[  PASSED  ] 1 test.
<end of output>
Test time =   0.00 sec
----------------------------------------------------------
Test Passed.
"BoardTest.ResetBoardClearsAllSquares" end time: Aug 25 13:57 UTC
"BoardTest.ResetBoardClearsAllSquares" time elapsed: 00:00:00
----------------------------------------------------------

38/195 Testing: BoardTest.ResetBoardClearsPieceCountsAndBitboards
38/195 Test: BoardTest.ResetBoardClearsPieceCountsAndBitboards
Command: "/home/runner/work/Huginn/Huginn/build_ci/huginn_tests" "--gtest_filter=BoardTest.ResetBoardClearsPieceCountsAndBitboards" "--gtest_also_run_disabled_tests"
Directory: /home/runner/work/Huginn/Huginn/build_ci
"BoardTest.ResetBoardClearsPieceCountsAndBitboards" start time: Aug 25 13:57 UTC
Output:
----------------------------------------------------------
Note: Google Test filter = BoardTest.ResetBoardClearsPieceCountsAndBitboards
[==========] Running 1 test from 1 test suite.
[----------] Global test environment set-up.
[----------] 1 test from BoardTest
[ RUN      ] BoardTest.ResetBoardClearsPieceCountsAndBitboards
[       OK ] BoardTest.ResetBoardClearsPieceCountsAndBitboards (0 ms)
[----------] 1 test from BoardTest (0 ms total)

[----------] Global test environment tear-down
[==========] 1 test from 1 test suite ran. (0 ms total)
[  PASSED  ] 1 test.
<end of output>
Test time =   0.00 sec
----------------------------------------------------------
Test Passed.
"BoardTest.ResetBoardClearsPieceCountsAndBitboards" end time: Aug 25 13:57 UTC
"BoardTest.ResetBoardClearsPieceCountsAndBitboards" time elapsed: 00:00:00
----------------------------------------------------------

39/195 Testing: BoardTest.ResetBoardClearsPieceLists
39/195 Test: BoardTest.ResetBoardClearsPieceLists
Command: "/home/runner/work/Huginn/Huginn/build_ci/huginn_tests" "--gtest_filter=BoardTest.ResetBoardClearsPieceLists" "--gtest_also_run_disabled_tests"
Directory: /home/runner/work/Huginn/Huginn/build_ci
"BoardTest.ResetBoardClearsPieceLists" start time: Aug 25 13:57 UTC
Output:
----------------------------------------------------------
Note: Google Test filter = BoardTest.ResetBoardClearsPieceLists
[==========] Running 1 test from 1 test suite.
[----------] Global test environment set-up.
[----------] 1 test from BoardTest
[ RUN      ] BoardTest.ResetBoardClearsPieceLists
[       OK ] BoardTest.ResetBoardClearsPieceLists (0 ms)
[----------] 1 test from BoardTest (0 ms total)

[----------] Global test environment tear-down
[==========] 1 test from 1 test suite ran. (0 ms total)
[  PASSED  ] 1 test.
<end of output>
Test time =   0.00 sec
----------------------------------------------------------
Test Passed.
"BoardTest.ResetBoardClearsPieceLists" end time: Aug 25 13:57 UTC
"BoardTest.ResetBoardClearsPieceLists" time elapsed: 00:00:00
----------------------------------------------------------

40/195 Testing: BoardTest.ResetBoardClearsKingSquares
40/195 Test: BoardTest.ResetBoardClearsKingSquares
Command: "/home/runner/work/Huginn/Huginn/build_ci/huginn_tests" "--gtest_filter=BoardTest.ResetBoardClearsKingSquares" "--gtest_also_run_disabled_tests"
Directory: /home/runner/work/Huginn/Huginn/build_ci
"BoardTest.ResetBoardClearsKingSquares" start time: Aug 25 13:57 UTC
Output:
----------------------------------------------------------
Note: Google Test filter = BoardTest.ResetBoardClearsKingSquares
[==========] Running 1 test from 1 test suite.
[----------] Global test environment set-up.
[----------] 1 test from BoardTest
[ RUN      ] BoardTest.ResetBoardClearsKingSquares
[       OK ] BoardTest.ResetBoardClearsKingSquares (0 ms)
[----------] 1 test from BoardTest (0 ms total)

[----------] Global test environment tear-down
[==========] 1 test from 1 test suite ran. (0 ms total)
[  PASSED  ] 1 test.
<end of output>
Test time =   0.00 sec
----------------------------------------------------------
Test Passed.
"BoardTest.ResetBoardClearsKingSquares" end time: Aug 25 13:57 UTC
"BoardTest.ResetBoardClearsKingSquares" time elapsed: 00:00:00
----------------------------------------------------------

41/195 Testing: BoardTest.ResetBoardClearsGameState
41/195 Test: BoardTest.ResetBoardClearsGameState
Command: "/home/runner/work/Huginn/Huginn/build_ci/huginn_tests" "--gtest_filter=BoardTest.ResetBoardClearsGameState" "--gtest_also_run_disabled_tests"
Directory: /home/runner/work/Huginn/Huginn/build_ci
"BoardTest.ResetBoardClearsGameState" start time: Aug 25 13:57 UTC
Output:
----------------------------------------------------------
Note: Google Test filter = BoardTest.ResetBoardClearsGameState
[==========] Running 1 test from 1 test suite.
[----------] Global test environment set-up.
[----------] 1 test from BoardTest
[ RUN      ] BoardTest.ResetBoardClearsGameState
[       OK ] BoardTest.ResetBoardClearsGameState (0 ms)
[----------] 1 test from BoardTest (0 ms total)

[----------] Global test environment tear-down
[==========] 1 test from 1 test suite ran. (0 ms total)
[  PASSED  ] 1 test.
<end of output>
Test time =   0.00 sec
----------------------------------------------------------
Test Passed.
"BoardTest.ResetBoardClearsGameState" end time: Aug 25 13:57 UTC
"BoardTest.ResetBoardClearsGameState" time elapsed: 00:00:00
----------------------------------------------------------

42/195 Testing: BoardTest.ResetClearsMoveHistory
42/195 Test: BoardTest.ResetClearsMoveHistory
Command: "/home/runner/work/Huginn/Huginn/build_ci/huginn_tests" "--gtest_filter=BoardTest.ResetClearsMoveHistory" "--gtest_also_run_disabled_tests"
Directory: /home/runner/work/Huginn/Huginn/build_ci
"BoardTest.ResetClearsMoveHistory" start time: Aug 25 13:57 UTC
Output:
----------------------------------------------------------
Note: Google Test filter = BoardTest.ResetClearsMoveHistory
[==========] Running 1 test from 1 test suite.
[----------] Global test environment set-up.
[----------] 1 test from BoardTest
[ RUN      ] BoardTest.ResetClearsMoveHistory
[       OK ] BoardTest.ResetClearsMoveHistory (0 ms)
[----------] 1 test from BoardTest (0 ms total)

[----------] Global test environment tear-down
[==========] 1 test from 1 test suite ran. (0 ms total)
[  PASSED  ] 1 test.
<end of output>
Test time =   0.00 sec
----------------------------------------------------------
Test Passed.
"BoardTest.ResetClearsMoveHistory" end time: Aug 25 13:57 UTC
"BoardTest.ResetClearsMoveHistory" time elapsed: 00:00:00
----------------------------------------------------------

43/195 Testing: OffboardDetection.MoveGenerationCanDetectOffboard
43/195 Test: OffboardDetection.MoveGenerationCanDetectOffboard
Command: "/home/runner/work/Huginn/Huginn/build_ci/huginn_tests" "--gtest_filter=OffboardDetection.MoveGenerationCanDetectOffboard" "--gtest_also_run_disabled_tests"
Directory: /home/runner/work/Huginn/Huginn/build_ci
"OffboardDetection.MoveGenerationCanDetectOffboard" start time: Aug 25 13:57 UTC
Output:
----------------------------------------------------------
Note: Google Test filter = OffboardDetection.MoveGenerationCanDetectOffboard
[==========] Running 1 test from 1 test suite.
[----------] Global test environment set-up.
[----------] 1 test from OffboardDetection
[ RUN      ] OffboardDetection.MoveGenerationCanDetectOffboard
[       OK ] OffboardDetection.MoveGenerationCanDetectOffboard (0 ms)
[----------] 1 test from OffboardDetection (0 ms total)

[----------] Global test environment tear-down
[==========] 1 test from 1 test suite ran. (0 ms total)
[  PASSED  ] 1 test.
<end of output>
Test time =   0.00 sec
----------------------------------------------------------
Test Passed.
"OffboardDetection.MoveGenerationCanDetectOffboard" end time: Aug 25 13:57 UTC
"OffboardDetection.MoveGenerationCanDetectOffboard" time elapsed: 00:00:00
----------------------------------------------------------

44/195 Testing: OffboardDetection.CharRepresentationShowsOffboard
44/195 Test: OffboardDetection.CharRepresentationShowsOffboard
Command: "/home/runner/work/Huginn/Huginn/build_ci/huginn_tests" "--gtest_filter=OffboardDetection.CharRepresentationShowsOffboard" "--gtest_also_run_disabled_tests"
Directory: /home/runner/work/Huginn/Huginn/build_ci
"OffboardDetection.CharRepresentationShowsOffboard" start time: Aug 25 13:57 UTC
Output:
----------------------------------------------------------
Note: Google Test filter = OffboardDetection.CharRepresentationShowsOffboard
[==========] Running 1 test from 1 test suite.
[----------] Global test environment set-up.
[----------] 1 test from OffboardDetection
[ RUN      ] OffboardDetection.CharRepresentationShowsOffboard
[       OK ] OffboardDetection.CharRepresentationShowsOffboard (0 ms)
[----------] 1 test from OffboardDetection (0 ms total)

[----------] Global test environment tear-down
[==========] 1 test from 1 test suite ran. (0 ms total)
[  PASSED  ] 1 test.
<end of output>
Test time =   0.00 sec
----------------------------------------------------------
Test Passed.
"OffboardDetection.CharRepresentationShowsOffboard" end time: Aug 25 13:57 UTC
"OffboardDetection.CharRepresentationShowsOffboard" time elapsed: 00:00:00
----------------------------------------------------------

45/195 Testing: FENTest.ParseStartingPosition
45/195 Test: FENTest.ParseStartingPosition
Command: "/home/runner/work/Huginn/Huginn/build_ci/huginn_tests" "--gtest_filter=FENTest.ParseStartingPosition" "--gtest_also_run_disabled_tests"
Directory: /home/runner/work/Huginn/Huginn/build_ci
"FENTest.ParseStartingPosition" start time: Aug 25 13:57 UTC
Output:
----------------------------------------------------------
Note: Google Test filter = FENTest.ParseStartingPosition
[==========] Running 1 test from 1 test suite.
[----------] Global test environment set-up.
[----------] 1 test from FENTest
[ RUN      ] FENTest.ParseStartingPosition
[       OK ] FENTest.ParseStartingPosition (0 ms)
[----------] 1 test from FENTest (0 ms total)

[----------] Global test environment tear-down
[==========] 1 test from 1 test suite ran. (0 ms total)
[  PASSED  ] 1 test.
<end of output>
Test time =   0.00 sec
----------------------------------------------------------
Test Passed.
"FENTest.ParseStartingPosition" end time: Aug 25 13:57 UTC
"FENTest.ParseStartingPosition" time elapsed: 00:00:00
----------------------------------------------------------

46/195 Testing: FENTest.ParseKiwiPetePosition
46/195 Test: FENTest.ParseKiwiPetePosition
Command: "/home/runner/work/Huginn/Huginn/build_ci/huginn_tests" "--gtest_filter=FENTest.ParseKiwiPetePosition" "--gtest_also_run_disabled_tests"
Directory: /home/runner/work/Huginn/Huginn/build_ci
"FENTest.ParseKiwiPetePosition" start time: Aug 25 13:57 UTC
Output:
----------------------------------------------------------
Note: Google Test filter = FENTest.ParseKiwiPetePosition
[==========] Running 1 test from 1 test suite.
[----------] Global test environment set-up.
[----------] 1 test from FENTest
[ RUN      ] FENTest.ParseKiwiPetePosition
[       OK ] FENTest.ParseKiwiPetePosition (0 ms)
[----------] 1 test from FENTest (0 ms total)

[----------] Global test environment tear-down
[==========] 1 test from 1 test suite ran. (0 ms total)
[  PASSED  ] 1 test.
<end of output>
Test time =   0.00 sec
----------------------------------------------------------
Test Passed.
"FENTest.ParseKiwiPetePosition" end time: Aug 25 13:57 UTC
"FENTest.ParseKiwiPetePosition" time elapsed: 00:00:00
----------------------------------------------------------

47/195 Testing: FENTest.ParsePositionWithEnPassant
47/195 Test: FENTest.ParsePositionWithEnPassant
Command: "/home/runner/work/Huginn/Huginn/build_ci/huginn_tests" "--gtest_filter=FENTest.ParsePositionWithEnPassant" "--gtest_also_run_disabled_tests"
Directory: /home/runner/work/Huginn/Huginn/build_ci
"FENTest.ParsePositionWithEnPassant" start time: Aug 25 13:57 UTC
Output:
----------------------------------------------------------
Note: Google Test filter = FENTest.ParsePositionWithEnPassant
[==========] Running 1 test from 1 test suite.
[----------] Global test environment set-up.
[----------] 1 test from FENTest
[ RUN      ] FENTest.ParsePositionWithEnPassant
[       OK ] FENTest.ParsePositionWithEnPassant (0 ms)
[----------] 1 test from FENTest (0 ms total)

[----------] Global test environment tear-down
[==========] 1 test from 1 test suite ran. (0 ms total)
[  PASSED  ] 1 test.
<end of output>
Test time =   0.00 sec
----------------------------------------------------------
Test Passed.
"FENTest.ParsePositionWithEnPassant" end time: Aug 25 13:57 UTC
"FENTest.ParsePositionWithEnPassant" time elapsed: 00:00:00
----------------------------------------------------------

48/195 Testing: FENTest.ParsePositionWithPartialCastling
48/195 Test: FENTest.ParsePositionWithPartialCastling
Command: "/home/runner/work/Huginn/Huginn/build_ci/huginn_tests" "--gtest_filter=FENTest.ParsePositionWithPartialCastling" "--gtest_also_run_disabled_tests"
Directory: /home/runner/work/Huginn/Huginn/build_ci
"FENTest.ParsePositionWithPartialCastling" start time: Aug 25 13:57 UTC
Output:
----------------------------------------------------------
Note: Google Test filter = FENTest.ParsePositionWithPartialCastling
[==========] Running 1 test from 1 test suite.
[----------] Global test environment set-up.
[----------] 1 test from FENTest
[ RUN      ] FENTest.ParsePositionWithPartialCastling
[       OK ] FENTest.ParsePositionWithPartialCastling (0 ms)
[----------] 1 test from FENTest (0 ms total)

[----------] Global test environment tear-down
[==========] 1 test from 1 test suite ran. (0 ms total)
[  PASSED  ] 1 test.
<end of output>
Test time =   0.00 sec
----------------------------------------------------------
Test Passed.
"FENTest.ParsePositionWithPartialCastling" end time: Aug 25 13:57 UTC
"FENTest.ParsePositionWithPartialCastling" time elapsed: 00:00:00
----------------------------------------------------------

49/195 Testing: FENTest.ParsePositionWithNoCastling
49/195 Test: FENTest.ParsePositionWithNoCastling
Command: "/home/runner/work/Huginn/Huginn/build_ci/huginn_tests" "--gtest_filter=FENTest.ParsePositionWithNoCastling" "--gtest_also_run_disabled_tests"
Directory: /home/runner/work/Huginn/Huginn/build_ci
"FENTest.ParsePositionWithNoCastling" start time: Aug 25 13:57 UTC
Output:
----------------------------------------------------------
Note: Google Test filter = FENTest.ParsePositionWithNoCastling
[==========] Running 1 test from 1 test suite.
[----------] Global test environment set-up.
[----------] 1 test from FENTest
[ RUN      ] FENTest.ParsePositionWithNoCastling
[       OK ] FENTest.ParsePositionWithNoCastling (0 ms)
[----------] 1 test from FENTest (0 ms total)

[----------] Global test environment tear-down
[==========] 1 test from 1 test suite ran. (0 ms total)
[  PASSED  ] 1 test.
<end of output>
Test time =   0.00 sec
----------------------------------------------------------
Test Passed.
"FENTest.ParsePositionWithNoCastling" end time: Aug 25 13:57 UTC
"FENTest.ParsePositionWithNoCastling" time elapsed: 00:00:00
----------------------------------------------------------

50/195 Testing: FENTest.ParsePositionWithMoveCounters
50/195 Test: FENTest.ParsePositionWithMoveCounters
Command: "/home/runner/work/Huginn/Huginn/build_ci/huginn_tests" "--gtest_filter=FENTest.ParsePositionWithMoveCounters" "--gtest_also_run_disabled_tests"
Directory: /home/runner/work/Huginn/Huginn/build_ci
"FENTest.ParsePositionWithMoveCounters" start time: Aug 25 13:57 UTC
Output:
----------------------------------------------------------
Note: Google Test filter = FENTest.ParsePositionWithMoveCounters
[==========] Running 1 test from 1 test suite.
[----------] Global test environment set-up.
[----------] 1 test from FENTest
[ RUN      ] FENTest.ParsePositionWithMoveCounters
[       OK ] FENTest.ParsePositionWithMoveCounters (0 ms)
[----------] 1 test from FENTest (0 ms total)

[----------] Global test environment tear-down
[==========] 1 test from 1 test suite ran. (0 ms total)
[  PASSED  ] 1 test.
<end of output>
Test time =   0.00 sec
----------------------------------------------------------
Test Passed.
"FENTest.ParsePositionWithMoveCounters" end time: Aug 25 13:57 UTC
"FENTest.ParsePositionWithMoveCounters" time elapsed: 00:00:00
----------------------------------------------------------

51/195 Testing: FENTest.SetStartPositionUsesFEN
51/195 Test: FENTest.SetStartPositionUsesFEN
Command: "/home/runner/work/Huginn/Huginn/build_ci/huginn_tests" "--gtest_filter=FENTest.SetStartPositionUsesFEN" "--gtest_also_run_disabled_tests"
Directory: /home/runner/work/Huginn/Huginn/build_ci
"FENTest.SetStartPositionUsesFEN" start time: Aug 25 13:57 UTC
Output:
----------------------------------------------------------
Note: Google Test filter = FENTest.SetStartPositionUsesFEN
[==========] Running 1 test from 1 test suite.
[----------] Global test environment set-up.
[----------] 1 test from FENTest
[ RUN      ] FENTest.SetStartPositionUsesFEN
[       OK ] FENTest.SetStartPositionUsesFEN (0 ms)
[----------] 1 test from FENTest (0 ms total)

[----------] Global test environment tear-down
[==========] 1 test from 1 test suite ran. (0 ms total)
[  PASSED  ] 1 test.
<end of output>
Test time =   0.00 sec
----------------------------------------------------------
Test Passed.
"FENTest.SetStartPositionUsesFEN" end time: Aug 25 13:57 UTC
"FENTest.SetStartPositionUsesFEN" time elapsed: 00:00:00
----------------------------------------------------------

52/195 Testing: FENTest.InvalidFENFormats
52/195 Test: FENTest.InvalidFENFormats
Command: "/home/runner/work/Huginn/Huginn/build_ci/huginn_tests" "--gtest_filter=FENTest.InvalidFENFormats" "--gtest_also_run_disabled_tests"
Directory: /home/runner/work/Huginn/Huginn/build_ci
"FENTest.InvalidFENFormats" start time: Aug 25 13:57 UTC
Output:
----------------------------------------------------------
Note: Google Test filter = FENTest.InvalidFENFormats
[==========] Running 1 test from 1 test suite.
[----------] Global test environment set-up.
[----------] 1 test from FENTest
[ RUN      ] FENTest.InvalidFENFormats
[       OK ] FENTest.InvalidFENFormats (0 ms)
[----------] 1 test from FENTest (0 ms total)

[----------] Global test environment tear-down
[==========] 1 test from 1 test suite ran. (0 ms total)
[  PASSED  ] 1 test.
<end of output>
Test time =   0.00 sec
----------------------------------------------------------
Test Passed.
"FENTest.InvalidFENFormats" end time: Aug 25 13:57 UTC
"FENTest.InvalidFENFormats" time elapsed: 00:00:00
----------------------------------------------------------

53/195 Testing: PrintPositionTest.PrintStartingPosition
53/195 Test: PrintPositionTest.PrintStartingPosition
Command: "/home/runner/work/Huginn/Huginn/build_ci/huginn_tests" "--gtest_filter=PrintPositionTest.PrintStartingPosition" "--gtest_also_run_disabled_tests"
Directory: /home/runner/work/Huginn/Huginn/build_ci
"PrintPositionTest.PrintStartingPosition" start time: Aug 25 13:57 UTC
Output:
----------------------------------------------------------
Note: Google Test filter = PrintPositionTest.PrintStartingPosition
[==========] Running 1 test from 1 test suite.
[----------] Global test environment set-up.
[----------] 1 test from PrintPositionTest
[ RUN      ] PrintPositionTest.PrintStartingPosition
[       OK ] PrintPositionTest.PrintStartingPosition (0 ms)
[----------] 1 test from PrintPositionTest (0 ms total)

[----------] Global test environment tear-down
[==========] 1 test from 1 test suite ran. (0 ms total)
[  PASSED  ] 1 test.
<end of output>
Test time =   0.00 sec
----------------------------------------------------------
Test Passed.
"PrintPositionTest.PrintStartingPosition" end time: Aug 25 13:57 UTC
"PrintPositionTest.PrintStartingPosition" time elapsed: 00:00:00
----------------------------------------------------------

54/195 Testing: PrintPositionTest.PrintEmptyPosition
54/195 Test: PrintPositionTest.PrintEmptyPosition
Command: "/home/runner/work/Huginn/Huginn/build_ci/huginn_tests" "--gtest_filter=PrintPositionTest.PrintEmptyPosition" "--gtest_also_run_disabled_tests"
Directory: /home/runner/work/Huginn/Huginn/build_ci
"PrintPositionTest.PrintEmptyPosition" start time: Aug 25 13:57 UTC
Output:
----------------------------------------------------------
Note: Google Test filter = PrintPositionTest.PrintEmptyPosition
[==========] Running 1 test from 1 test suite.
[----------] Global test environment set-up.
[----------] 1 test from PrintPositionTest
[ RUN      ] PrintPositionTest.PrintEmptyPosition
[       OK ] PrintPositionTest.PrintEmptyPosition (0 ms)
[----------] 1 test from PrintPositionTest (0 ms total)

[----------] Global test environment tear-down
[==========] 1 test from 1 test suite ran. (0 ms total)
[  PASSED  ] 1 test.
<end of output>
Test time =   0.00 sec
----------------------------------------------------------
Test Passed.
"PrintPositionTest.PrintEmptyPosition" end time: Aug 25 13:57 UTC
"PrintPositionTest.PrintEmptyPosition" time elapsed: 00:00:00
----------------------------------------------------------

55/195 Testing: PrintPositionTest.PrintKiwipetePosition
55/195 Test: PrintPositionTest.PrintKiwipetePosition
Command: "/home/runner/work/Huginn/Huginn/build_ci/huginn_tests" "--gtest_filter=PrintPositionTest.PrintKiwipetePosition" "--gtest_also_run_disabled_tests"
Directory: /home/runner/work/Huginn/Huginn/build_ci
"PrintPositionTest.PrintKiwipetePosition" start time: Aug 25 13:57 UTC
Output:
----------------------------------------------------------
Note: Google Test filter = PrintPositionTest.PrintKiwipetePosition
[==========] Running 1 test from 1 test suite.
[----------] Global test environment set-up.
[----------] 1 test from PrintPositionTest
[ RUN      ] PrintPositionTest.PrintKiwipetePosition
[       OK ] PrintPositionTest.PrintKiwipetePosition (0 ms)
[----------] 1 test from PrintPositionTest (0 ms total)

[----------] Global test environment tear-down
[==========] 1 test from 1 test suite ran. (0 ms total)
[  PASSED  ] 1 test.
<end of output>
Test time =   0.00 sec
----------------------------------------------------------
Test Passed.
"PrintPositionTest.PrintKiwipetePosition" end time: Aug 25 13:57 UTC
"PrintPositionTest.PrintKiwipetePosition" time elapsed: 00:00:00
----------------------------------------------------------

56/195 Testing: PrintPositionTest.PrintFunctionExists
56/195 Test: PrintPositionTest.PrintFunctionExists
Command: "/home/runner/work/Huginn/Huginn/build_ci/huginn_tests" "--gtest_filter=PrintPositionTest.PrintFunctionExists" "--gtest_also_run_disabled_tests"
Directory: /home/runner/work/Huginn/Huginn/build_ci
"PrintPositionTest.PrintFunctionExists" start time: Aug 25 13:57 UTC
Output:
----------------------------------------------------------
Note: Google Test filter = PrintPositionTest.PrintFunctionExists
[==========] Running 1 test from 1 test suite.
[----------] Global test environment set-up.
[----------] 1 test from PrintPositionTest
[ RUN      ] PrintPositionTest.PrintFunctionExists
[       OK ] PrintPositionTest.PrintFunctionExists (0 ms)
[----------] 1 test from PrintPositionTest (0 ms total)

[----------] Global test environment tear-down
[==========] 1 test from 1 test suite ran. (0 ms total)
[  PASSED  ] 1 test.
<end of output>
Test time =   0.00 sec
----------------------------------------------------------
Test Passed.
"PrintPositionTest.PrintFunctionExists" end time: Aug 25 13:57 UTC
"PrintPositionTest.PrintFunctionExists" time elapsed: 00:00:00
----------------------------------------------------------

57/195 Testing: IncrementalUpdateTest.MakeUnmakeMaintainsState
57/195 Test: IncrementalUpdateTest.MakeUnmakeMaintainsState
Command: "/home/runner/work/Huginn/Huginn/build_ci/huginn_tests" "--gtest_filter=IncrementalUpdateTest.MakeUnmakeMaintainsState" "--gtest_also_run_disabled_tests"
Directory: /home/runner/work/Huginn/Huginn/build_ci
"IncrementalUpdateTest.MakeUnmakeMaintainsState" start time: Aug 25 13:57 UTC
Output:
----------------------------------------------------------
Note: Google Test filter = IncrementalUpdateTest.MakeUnmakeMaintainsState
[==========] Running 1 test from 1 test suite.
[----------] Global test environment set-up.
[----------] 1 test from IncrementalUpdateTest
[ RUN      ] IncrementalUpdateTest.MakeUnmakeMaintainsState
[       OK ] IncrementalUpdateTest.MakeUnmakeMaintainsState (0 ms)
[----------] 1 test from IncrementalUpdateTest (0 ms total)

[----------] Global test environment tear-down
[==========] 1 test from 1 test suite ran. (0 ms total)
[  PASSED  ] 1 test.
<end of output>
Test time =   0.00 sec
----------------------------------------------------------
Test Passed.
"IncrementalUpdateTest.MakeUnmakeMaintainsState" end time: Aug 25 13:57 UTC
"IncrementalUpdateTest.MakeUnmakeMaintainsState" time elapsed: 00:00:00
----------------------------------------------------------

58/195 Testing: IncrementalUpdateTest.CaptureMoveMaintainsCorrectCounts
58/195 Test: IncrementalUpdateTest.CaptureMoveMaintainsCorrectCounts
Command: "/home/runner/work/Huginn/Huginn/build_ci/huginn_tests" "--gtest_filter=IncrementalUpdateTest.CaptureMoveMaintainsCorrectCounts" "--gtest_also_run_disabled_tests"
Directory: /home/runner/work/Huginn/Huginn/build_ci
"IncrementalUpdateTest.CaptureMoveMaintainsCorrectCounts" start time: Aug 25 13:57 UTC
Output:
----------------------------------------------------------
Note: Google Test filter = IncrementalUpdateTest.CaptureMoveMaintainsCorrectCounts
[==========] Running 1 test from 1 test suite.
[----------] Global test environment set-up.
[----------] 1 test from IncrementalUpdateTest
[ RUN      ] IncrementalUpdateTest.CaptureMoveMaintainsCorrectCounts
[       OK ] IncrementalUpdateTest.CaptureMoveMaintainsCorrectCounts (0 ms)
[----------] 1 test from IncrementalUpdateTest (0 ms total)

[----------] Global test environment tear-down
[==========] 1 test from 1 test suite ran. (0 ms total)
[  PASSED  ] 1 test.
<end of output>
Test time =   0.00 sec
----------------------------------------------------------
Test Passed.
"IncrementalUpdateTest.CaptureMoveMaintainsCorrectCounts" end time: Aug 25 13:57 UTC
"IncrementalUpdateTest.CaptureMoveMaintainsCorrectCounts" time elapsed: 00:00:00
----------------------------------------------------------

59/195 Testing: IncrementalUpdateTest.KingMoveMaintainsKingSquare
59/195 Test: IncrementalUpdateTest.KingMoveMaintainsKingSquare
Command: "/home/runner/work/Huginn/Huginn/build_ci/huginn_tests" "--gtest_filter=IncrementalUpdateTest.KingMoveMaintainsKingSquare" "--gtest_also_run_disabled_tests"
Directory: /home/runner/work/Huginn/Huginn/build_ci
"IncrementalUpdateTest.KingMoveMaintainsKingSquare" start time: Aug 25 13:57 UTC
Output:
----------------------------------------------------------
Note: Google Test filter = IncrementalUpdateTest.KingMoveMaintainsKingSquare
[==========] Running 1 test from 1 test suite.
[----------] Global test environment set-up.
[----------] 1 test from IncrementalUpdateTest
[ RUN      ] IncrementalUpdateTest.KingMoveMaintainsKingSquare
[       OK ] IncrementalUpdateTest.KingMoveMaintainsKingSquare (0 ms)
[----------] 1 test from IncrementalUpdateTest (0 ms total)

[----------] Global test environment tear-down
[==========] 1 test from 1 test suite ran. (0 ms total)
[  PASSED  ] 1 test.
<end of output>
Test time =   0.00 sec
----------------------------------------------------------
Test Passed.
"IncrementalUpdateTest.KingMoveMaintainsKingSquare" end time: Aug 25 13:57 UTC
"IncrementalUpdateTest.KingMoveMaintainsKingSquare" time elapsed: 00:00:00
----------------------------------------------------------

60/195 Testing: ZobristIncrementalTest.IncrementalXORMatchesFullComputation
60/195 Test: ZobristIncrementalTest.IncrementalXORMatchesFullComputation
Command: "/home/runner/work/Huginn/Huginn/build_ci/huginn_tests" "--gtest_filter=ZobristIncrementalTest.IncrementalXORMatchesFullComputation" "--gtest_also_run_disabled_tests"
Directory: /home/runner/work/Huginn/Huginn/build_ci
"ZobristIncrementalTest.IncrementalXORMatchesFullComputation" start time: Aug 25 13:57 UTC
Output:
----------------------------------------------------------
Note: Google Test filter = ZobristIncrementalTest.IncrementalXORMatchesFullComputation
[==========] Running 1 test from 1 test suite.
[----------] Global test environment set-up.
[----------] 1 test from ZobristIncrementalTest
[ RUN      ] ZobristIncrementalTest.IncrementalXORMatchesFullComputation
[       OK ] ZobristIncrementalTest.IncrementalXORMatchesFullComputation (0 ms)
[----------] 1 test from ZobristIncrementalTest (0 ms total)

[----------] Global test environment tear-down
[==========] 1 test from 1 test suite ran. (0 ms total)
[  PASSED  ] 1 test.
<end of output>
Test time =   0.00 sec
----------------------------------------------------------
Test Passed.
"ZobristIncrementalTest.IncrementalXORMatchesFullComputation" end time: Aug 25 13:57 UTC
"ZobristIncrementalTest.IncrementalXORMatchesFullComputation" time elapsed: 00:00:00
----------------------------------------------------------

61/195 Testing: ZobristIncrementalTest.CaptureMovesUpdateCorrectly
61/195 Test: ZobristIncrementalTest.CaptureMovesUpdateCorrectly
Command: "/home/runner/work/Huginn/Huginn/build_ci/huginn_tests" "--gtest_filter=ZobristIncrementalTest.CaptureMovesUpdateCorrectly" "--gtest_also_run_disabled_tests"
Directory: /home/runner/work/Huginn/Huginn/build_ci
"ZobristIncrementalTest.CaptureMovesUpdateCorrectly" start time: Aug 25 13:57 UTC
Output:
----------------------------------------------------------
Note: Google Test filter = ZobristIncrementalTest.CaptureMovesUpdateCorrectly
[==========] Running 1 test from 1 test suite.
[----------] Global test environment set-up.
[----------] 1 test from ZobristIncrementalTest
[ RUN      ] ZobristIncrementalTest.CaptureMovesUpdateCorrectly
[       OK ] ZobristIncrementalTest.CaptureMovesUpdateCorrectly (0 ms)
[----------] 1 test from ZobristIncrementalTest (0 ms total)

[----------] Global test environment tear-down
[==========] 1 test from 1 test suite ran. (0 ms total)
[  PASSED  ] 1 test.
<end of output>
Test time =   0.00 sec
----------------------------------------------------------
Test Passed.
"ZobristIncrementalTest.CaptureMovesUpdateCorrectly" end time: Aug 25 13:57 UTC
"ZobristIncrementalTest.CaptureMovesUpdateCorrectly" time elapsed: 00:00:00
----------------------------------------------------------

62/195 Testing: ZobristIncrementalTest.MultipleMovesInSequence
62/195 Test: ZobristIncrementalTest.MultipleMovesInSequence
Command: "/home/runner/work/Huginn/Huginn/build_ci/huginn_tests" "--gtest_filter=ZobristIncrementalTest.MultipleMovesInSequence" "--gtest_also_run_disabled_tests"
Directory: /home/runner/work/Huginn/Huginn/build_ci
"ZobristIncrementalTest.MultipleMovesInSequence" start time: Aug 25 13:57 UTC
Output:
----------------------------------------------------------
Note: Google Test filter = ZobristIncrementalTest.MultipleMovesInSequence
[==========] Running 1 test from 1 test suite.
[----------] Global test environment set-up.
[----------] 1 test from ZobristIncrementalTest
[ RUN      ] ZobristIncrementalTest.MultipleMovesInSequence
[       OK ] ZobristIncrementalTest.MultipleMovesInSequence (0 ms)
[----------] 1 test from ZobristIncrementalTest (0 ms total)

[----------] Global test environment tear-down
[==========] 1 test from 1 test suite ran. (0 ms total)
[  PASSED  ] 1 test.
<end of output>
Test time =   0.00 sec
----------------------------------------------------------
Test Passed.
"ZobristIncrementalTest.MultipleMovesInSequence" end time: Aug 25 13:57 UTC
"ZobristIncrementalTest.MultipleMovesInSequence" time elapsed: 00:00:00
----------------------------------------------------------

63/195 Testing: ZobristIncrementalTest.XORPropertyWorks
63/195 Test: ZobristIncrementalTest.XORPropertyWorks
Command: "/home/runner/work/Huginn/Huginn/build_ci/huginn_tests" "--gtest_filter=ZobristIncrementalTest.XORPropertyWorks" "--gtest_also_run_disabled_tests"
Directory: /home/runner/work/Huginn/Huginn/build_ci
"ZobristIncrementalTest.XORPropertyWorks" start time: Aug 25 13:57 UTC
Output:
----------------------------------------------------------
Note: Google Test filter = ZobristIncrementalTest.XORPropertyWorks
[==========] Running 1 test from 1 test suite.
[----------] Global test environment set-up.
[----------] 1 test from ZobristIncrementalTest
[ RUN      ] ZobristIncrementalTest.XORPropertyWorks
[       OK ] ZobristIncrementalTest.XORPropertyWorks (0 ms)
[----------] 1 test from ZobristIncrementalTest (0 ms total)

[----------] Global test environment tear-down
[==========] 1 test from 1 test suite ran. (0 ms total)
[  PASSED  ] 1 test.
<end of output>
Test time =   0.00 sec
----------------------------------------------------------
Test Passed.
"ZobristIncrementalTest.XORPropertyWorks" end time: Aug 25 13:57 UTC
"ZobristIncrementalTest.XORPropertyWorks" time elapsed: 00:00:00
----------------------------------------------------------

64/195 Testing: MaterialTrackingTest.StartingPositionMaterialScores
64/195 Test: MaterialTrackingTest.StartingPositionMaterialScores
Command: "/home/runner/work/Huginn/Huginn/build_ci/huginn_tests" "--gtest_filter=MaterialTrackingTest.StartingPositionMaterialScores" "--gtest_also_run_disabled_tests"
Directory: /home/runner/work/Huginn/Huginn/build_ci
"MaterialTrackingTest.StartingPositionMaterialScores" start time: Aug 25 13:57 UTC
Output:
----------------------------------------------------------
Note: Google Test filter = MaterialTrackingTest.StartingPositionMaterialScores
[==========] Running 1 test from 1 test suite.
[----------] Global test environment set-up.
[----------] 1 test from MaterialTrackingTest
[ RUN      ] MaterialTrackingTest.StartingPositionMaterialScores
[       OK ] MaterialTrackingTest.StartingPositionMaterialScores (0 ms)
[----------] 1 test from MaterialTrackingTest (0 ms total)

[----------] Global test environment tear-down
[...]
Note: Google Test filter = EnhancedMoveGenTest.IteratorInterface
[==========] Running 1 test from 1 test suite.
[----------] Global test environment set-up.
[----------] 1 test from EnhancedMoveGenTest
[ RUN      ] EnhancedMoveGenTest.IteratorInterface
[       OK ] EnhancedMoveGenTest.IteratorInterface (0 ms)
[----------] 1 test from EnhancedMoveGenTest (0 ms total)

[----------] Global test environment tear-down
[==========] 1 test from 1 test suite ran. (0 ms total)
[  PASSED  ] 1 test.
<end of output>
Test time =   0.00 sec
----------------------------------------------------------
Test Passed.
"EnhancedMoveGenTest.IteratorInterface" end time: Aug 25 13:57 UTC
"EnhancedMoveGenTest.IteratorInterface" time elapsed: 00:00:00
----------------------------------------------------------

181/195 Testing: EnhancedMoveGenTest.ArrayAccessInterface
181/195 Test: EnhancedMoveGenTest.ArrayAccessInterface
Command: "/home/runner/work/Huginn/Huginn/build_ci/huginn_tests" "--gtest_filter=EnhancedMoveGenTest.ArrayAccessInterface" "--gtest_also_run_disabled_tests"
Directory: /home/runner/work/Huginn/Huginn/build_ci
"EnhancedMoveGenTest.ArrayAccessInterface" start time: Aug 25 13:57 UTC
Output:
----------------------------------------------------------
Note: Google Test filter = EnhancedMoveGenTest.ArrayAccessInterface
[==========] Running 1 test from 1 test suite.
[----------] Global test environment set-up.
[----------] 1 test from EnhancedMoveGenTest
[ RUN      ] EnhancedMoveGenTest.ArrayAccessInterface
[       OK ] EnhancedMoveGenTest.ArrayAccessInterface (0 ms)
[----------] 1 test from EnhancedMoveGenTest (0 ms total)

[----------] Global test environment tear-down
[==========] 1 test from 1 test suite ran. (0 ms total)
[  PASSED  ] 1 test.
<end of output>
Test time =   0.00 sec
----------------------------------------------------------
Test Passed.
"EnhancedMoveGenTest.ArrayAccessInterface" end time: Aug 25 13:57 UTC
"EnhancedMoveGenTest.ArrayAccessInterface" time elapsed: 00:00:00
----------------------------------------------------------

182/195 Testing: EnhancedMoveGenTest.PinDetection
182/195 Test: EnhancedMoveGenTest.PinDetection
Command: "/home/runner/work/Huginn/Huginn/build_ci/huginn_tests" "--gtest_filter=EnhancedMoveGenTest.PinDetection" "--gtest_also_run_disabled_tests"
Directory: /home/runner/work/Huginn/Huginn/build_ci
"EnhancedMoveGenTest.PinDetection" start time: Aug 25 13:57 UTC
Output:
----------------------------------------------------------
Note: Google Test filter = EnhancedMoveGenTest.PinDetection
[==========] Running 1 test from 1 test suite.
[----------] Global test environment set-up.
[----------] 1 test from EnhancedMoveGenTest
[ RUN      ] EnhancedMoveGenTest.PinDetection
[       OK ] EnhancedMoveGenTest.PinDetection (0 ms)
[----------] 1 test from EnhancedMoveGenTest (0 ms total)

[----------] Global test environment tear-down
[==========] 1 test from 1 test suite ran. (0 ms total)
[  PASSED  ] 1 test.
<end of output>
Test time =   0.00 sec
----------------------------------------------------------
Test Passed.
"EnhancedMoveGenTest.PinDetection" end time: Aug 25 13:57 UTC
"EnhancedMoveGenTest.PinDetection" time elapsed: 00:00:00
----------------------------------------------------------

183/195 Testing: EnhancedMoveGenTest.PerformanceCheck
183/195 Test: EnhancedMoveGenTest.PerformanceCheck
Command: "/home/runner/work/Huginn/Huginn/build_ci/huginn_tests" "--gtest_filter=EnhancedMoveGenTest.PerformanceCheck" "--gtest_also_run_disabled_tests"
Directory: /home/runner/work/Huginn/Huginn/build_ci
"EnhancedMoveGenTest.PerformanceCheck" start time: Aug 25 13:57 UTC
Output:
----------------------------------------------------------
Note: Google Test filter = EnhancedMoveGenTest.PerformanceCheck
[==========] Running 1 test from 1 test suite.
[----------] Global test environment set-up.
[----------] 1 test from EnhancedMoveGenTest
[ RUN      ] EnhancedMoveGenTest.PerformanceCheck
[       OK ] EnhancedMoveGenTest.PerformanceCheck (2 ms)
[----------] 1 test from EnhancedMoveGenTest (2 ms total)

[----------] Global test environment tear-down
[==========] 1 test from 1 test suite ran. (2 ms total)
[  PASSED  ] 1 test.
<end of output>
Test time =   0.00 sec
----------------------------------------------------------
Test Passed.
"EnhancedMoveGenTest.PerformanceCheck" end time: Aug 25 13:57 UTC
"EnhancedMoveGenTest.PerformanceCheck" time elapsed: 00:00:00
----------------------------------------------------------

184/195 Testing: ParallelMoveGenTest.StartingPositionPseudoLegal
184/195 Test: ParallelMoveGenTest.StartingPositionPseudoLegal
Command: "/home/runner/work/Huginn/Huginn/build_ci/huginn_tests" "--gtest_filter=ParallelMoveGenTest.StartingPositionPseudoLegal" "--gtest_also_run_disabled_tests"
Directory: /home/runner/work/Huginn/Huginn/build_ci
"ParallelMoveGenTest.StartingPositionPseudoLegal" start time: Aug 25 13:57 UTC
Output:
----------------------------------------------------------
Note: Google Test filter = ParallelMoveGenTest.StartingPositionPseudoLegal
[==========] Running 1 test from 1 test suite.
[----------] Global test environment set-up.
[----------] 1 test from ParallelMoveGenTest
[ RUN      ] ParallelMoveGenTest.StartingPositionPseudoLegal
[       OK ] ParallelMoveGenTest.StartingPositionPseudoLegal (0 ms)
[----------] 1 test from ParallelMoveGenTest (0 ms total)

[----------] Global test environment tear-down
[==========] 1 test from 1 test suite ran. (0 ms total)
[  PASSED  ] 1 test.
<end of output>
Test time =   0.00 sec
----------------------------------------------------------
Test Passed.
"ParallelMoveGenTest.StartingPositionPseudoLegal" end time: Aug 25 13:57 UTC
"ParallelMoveGenTest.StartingPositionPseudoLegal" time elapsed: 00:00:00
----------------------------------------------------------

185/195 Testing: ParallelMoveGenTest.StartingPositionLegal
185/195 Test: ParallelMoveGenTest.StartingPositionLegal
Command: "/home/runner/work/Huginn/Huginn/build_ci/huginn_tests" "--gtest_filter=ParallelMoveGenTest.StartingPositionLegal" "--gtest_also_run_disabled_tests"
Directory: /home/runner/work/Huginn/Huginn/build_ci
"ParallelMoveGenTest.StartingPositionLegal" start time: Aug 25 13:57 UTC
Output:
----------------------------------------------------------
Note: Google Test filter = ParallelMoveGenTest.StartingPositionLegal
[==========] Running 1 test from 1 test suite.
[----------] Global test environment set-up.
[----------] 1 test from ParallelMoveGenTest
[ RUN      ] ParallelMoveGenTest.StartingPositionLegal
[       OK ] ParallelMoveGenTest.StartingPositionLegal (0 ms)
[----------] 1 test from ParallelMoveGenTest (0 ms total)

[----------] Global test environment tear-down
[==========] 1 test from 1 test suite ran. (0 ms total)
[  PASSED  ] 1 test.
<end of output>
Test time =   0.00 sec
----------------------------------------------------------
Test Passed.
"ParallelMoveGenTest.StartingPositionLegal" end time: Aug 25 13:57 UTC
"ParallelMoveGenTest.StartingPositionLegal" time elapsed: 00:00:00
----------------------------------------------------------

186/195 Testing: ParallelMoveGenTest.KiwipetePseudoLegal
186/195 Test: ParallelMoveGenTest.KiwipetePseudoLegal
Command: "/home/runner/work/Huginn/Huginn/build_ci/huginn_tests" "--gtest_filter=ParallelMoveGenTest.KiwipetePseudoLegal" "--gtest_also_run_disabled_tests"
Directory: /home/runner/work/Huginn/Huginn/build_ci
"ParallelMoveGenTest.KiwipetePseudoLegal" start time: Aug 25 13:57 UTC
Output:
----------------------------------------------------------
Note: Google Test filter = ParallelMoveGenTest.KiwipetePseudoLegal
[==========] Running 1 test from 1 test suite.
[----------] Global test environment set-up.
[----------] 1 test from ParallelMoveGenTest
[ RUN      ] ParallelMoveGenTest.KiwipetePseudoLegal
[       OK ] ParallelMoveGenTest.KiwipetePseudoLegal (0 ms)
[----------] 1 test from ParallelMoveGenTest (0 ms total)

[----------] Global test environment tear-down
[==========] 1 test from 1 test suite ran. (0 ms total)
[  PASSED  ] 1 test.
<end of output>
Test time =   0.00 sec
----------------------------------------------------------
Test Passed.
"ParallelMoveGenTest.KiwipetePseudoLegal" end time: Aug 25 13:57 UTC
"ParallelMoveGenTest.KiwipetePseudoLegal" time elapsed: 00:00:00
----------------------------------------------------------

187/195 Testing: ParallelMoveGenTest.KiwipeteLegal
187/195 Test: ParallelMoveGenTest.KiwipeteLegal
Command: "/home/runner/work/Huginn/Huginn/build_ci/huginn_tests" "--gtest_filter=ParallelMoveGenTest.KiwipeteLegal" "--gtest_also_run_disabled_tests"
Directory: /home/runner/work/Huginn/Huginn/build_ci
"ParallelMoveGenTest.KiwipeteLegal" start time: Aug 25 13:57 UTC
Output:
----------------------------------------------------------
Note: Google Test filter = ParallelMoveGenTest.KiwipeteLegal
[==========] Running 1 test from 1 test suite.
[----------] Global test environment set-up.
[----------] 1 test from ParallelMoveGenTest
[ RUN      ] ParallelMoveGenTest.KiwipeteLegal
[       OK ] ParallelMoveGenTest.KiwipeteLegal (0 ms)
[----------] 1 test from ParallelMoveGenTest (0 ms total)

[----------] Global test environment tear-down
[==========] 1 test from 1 test suite ran. (0 ms total)
[  PASSED  ] 1 test.
<end of output>
Test time =   0.00 sec
----------------------------------------------------------
Test Passed.
"ParallelMoveGenTest.KiwipeteLegal" end time: Aug 25 13:57 UTC
"ParallelMoveGenTest.KiwipeteLegal" time elapsed: 00:00:00
----------------------------------------------------------

188/195 Testing: ParallelMoveGenTest.ComplexMiddlegamePseudoLegal
188/195 Test: ParallelMoveGenTest.ComplexMiddlegamePseudoLegal
Command: "/home/runner/work/Huginn/Huginn/build_ci/huginn_tests" "--gtest_filter=ParallelMoveGenTest.ComplexMiddlegamePseudoLegal" "--gtest_also_run_disabled_tests"
Directory: /home/runner/work/Huginn/Huginn/build_ci
"ParallelMoveGenTest.ComplexMiddlegamePseudoLegal" start time: Aug 25 13:57 UTC
Output:
----------------------------------------------------------
Note: Google Test filter = ParallelMoveGenTest.ComplexMiddlegamePseudoLegal
[==========] Running 1 test from 1 test suite.
[----------] Global test environment set-up.
[----------] 1 test from ParallelMoveGenTest
[ RUN      ] ParallelMoveGenTest.ComplexMiddlegamePseudoLegal
[       OK ] ParallelMoveGenTest.ComplexMiddlegamePseudoLegal (0 ms)
[----------] 1 test from ParallelMoveGenTest (0 ms total)

[----------] Global test environment tear-down
[==========] 1 test from 1 test suite ran. (0 ms total)
[  PASSED  ] 1 test.
<end of output>
Test time =   0.00 sec
----------------------------------------------------------
Test Passed.
"ParallelMoveGenTest.ComplexMiddlegamePseudoLegal" end time: Aug 25 13:57 UTC
"ParallelMoveGenTest.ComplexMiddlegamePseudoLegal" time elapsed: 00:00:00
----------------------------------------------------------

189/195 Testing: ParallelMoveGenTest.ComplexMiddlegameLegal
189/195 Test: ParallelMoveGenTest.ComplexMiddlegameLegal
Command: "/home/runner/work/Huginn/Huginn/build_ci/huginn_tests" "--gtest_filter=ParallelMoveGenTest.ComplexMiddlegameLegal" "--gtest_also_run_disabled_tests"
Directory: /home/runner/work/Huginn/Huginn/build_ci
"ParallelMoveGenTest.ComplexMiddlegameLegal" start time: Aug 25 13:57 UTC
Output:
----------------------------------------------------------
Note: Google Test filter = ParallelMoveGenTest.ComplexMiddlegameLegal
[==========] Running 1 test from 1 test suite.
[----------] Global test environment set-up.
[----------] 1 test from ParallelMoveGenTest
[ RUN      ] ParallelMoveGenTest.ComplexMiddlegameLegal
[       OK ] ParallelMoveGenTest.ComplexMiddlegameLegal (0 ms)
[----------] 1 test from ParallelMoveGenTest (0 ms total)

[----------] Global test environment tear-down
[==========] 1 test from 1 test suite ran. (0 ms total)
[  PASSED  ] 1 test.
<end of output>
Test time =   0.00 sec
----------------------------------------------------------
Test Passed.
"ParallelMoveGenTest.ComplexMiddlegameLegal" end time: Aug 25 13:57 UTC
"ParallelMoveGenTest.ComplexMiddlegameLegal" time elapsed: 00:00:00
----------------------------------------------------------

190/195 Testing: ParallelMoveGenTest.EndgamePseudoLegal
190/195 Test: ParallelMoveGenTest.EndgamePseudoLegal
Command: "/home/runner/work/Huginn/Huginn/build_ci/huginn_tests" "--gtest_filter=ParallelMoveGenTest.EndgamePseudoLegal" "--gtest_also_run_disabled_tests"
Directory: /home/runner/work/Huginn/Huginn/build_ci
"ParallelMoveGenTest.EndgamePseudoLegal" start time: Aug 25 13:57 UTC
Output:
----------------------------------------------------------
Note: Google Test filter = ParallelMoveGenTest.EndgamePseudoLegal
[==========] Running 1 test from 1 test suite.
[----------] Global test environment set-up.
[----------] 1 test from ParallelMoveGenTest
[ RUN      ] ParallelMoveGenTest.EndgamePseudoLegal
[       OK ] ParallelMoveGenTest.EndgamePseudoLegal (0 ms)
[----------] 1 test from ParallelMoveGenTest (0 ms total)

[----------] Global test environment tear-down
[==========] 1 test from 1 test suite ran. (0 ms total)
[  PASSED  ] 1 test.
<end of output>
Test time =   0.00 sec
----------------------------------------------------------
Test Passed.
"ParallelMoveGenTest.EndgamePseudoLegal" end time: Aug 25 13:57 UTC
"ParallelMoveGenTest.EndgamePseudoLegal" time elapsed: 00:00:00
----------------------------------------------------------

191/195 Testing: ParallelMoveGenTest.EndgameLegal
191/195 Test: ParallelMoveGenTest.EndgameLegal
Command: "/home/runner/work/Huginn/Huginn/build_ci/huginn_tests" "--gtest_filter=ParallelMoveGenTest.EndgameLegal" "--gtest_also_run_disabled_tests"
Directory: /home/runner/work/Huginn/Huginn/build_ci
"ParallelMoveGenTest.EndgameLegal" start time: Aug 25 13:57 UTC
Output:
----------------------------------------------------------
Note: Google Test filter = ParallelMoveGenTest.EndgameLegal
[==========] Running 1 test from 1 test suite.
[----------] Global test environment set-up.
[----------] 1 test from ParallelMoveGenTest
[ RUN      ] ParallelMoveGenTest.EndgameLegal
[       OK ] ParallelMoveGenTest.EndgameLegal (0 ms)
[----------] 1 test from ParallelMoveGenTest (0 ms total)

[----------] Global test environment tear-down
[==========] 1 test from 1 test suite ran. (0 ms total)
[  PASSED  ] 1 test.
<end of output>
Test time =   0.00 sec
----------------------------------------------------------
Test Passed.
"ParallelMoveGenTest.EndgameLegal" end time: Aug 25 13:57 UTC
"ParallelMoveGenTest.EndgameLegal" time elapsed: 00:00:00
----------------------------------------------------------

192/195 Testing: ParallelMoveGenTest.TacticalPositionPseudoLegal
192/195 Test: ParallelMoveGenTest.TacticalPositionPseudoLegal
Command: "/home/runner/work/Huginn/Huginn/build_ci/huginn_tests" "--gtest_filter=ParallelMoveGenTest.TacticalPositionPseudoLegal" "--gtest_also_run_disabled_tests"
Directory: /home/runner/work/Huginn/Huginn/build_ci
"ParallelMoveGenTest.TacticalPositionPseudoLegal" start time: Aug 25 13:57 UTC
Output:
----------------------------------------------------------
Note: Google Test filter = ParallelMoveGenTest.TacticalPositionPseudoLegal
[==========] Running 1 test from 1 test suite.
[----------] Global test environment set-up.
[----------] 1 test from ParallelMoveGenTest
[ RUN      ] ParallelMoveGenTest.TacticalPositionPseudoLegal
[       OK ] ParallelMoveGenTest.TacticalPositionPseudoLegal (0 ms)
[----------] 1 test from ParallelMoveGenTest (0 ms total)

[----------] Global test environment tear-down
[==========] 1 test from 1 test suite ran. (0 ms total)
[  PASSED  ] 1 test.
<end of output>
Test time =   0.00 sec
----------------------------------------------------------
Test Passed.
"ParallelMoveGenTest.TacticalPositionPseudoLegal" end time: Aug 25 13:57 UTC
"ParallelMoveGenTest.TacticalPositionPseudoLegal" time elapsed: 00:00:00
----------------------------------------------------------

193/195 Testing: ParallelMoveGenTest.TacticalPositionLegal
193/195 Test: ParallelMoveGenTest.TacticalPositionLegal
Command: "/home/runner/work/Huginn/Huginn/build_ci/huginn_tests" "--gtest_filter=ParallelMoveGenTest.TacticalPositionLegal" "--gtest_also_run_disabled_tests"
Directory: /home/runner/work/Huginn/Huginn/build_ci
"ParallelMoveGenTest.TacticalPositionLegal" start time: Aug 25 13:57 UTC
Output:
----------------------------------------------------------
Note: Google Test filter = ParallelMoveGenTest.TacticalPositionLegal
[==========] Running 1 test from 1 test suite.
[----------] Global test environment set-up.
[----------] 1 test from ParallelMoveGenTest
[ RUN      ] ParallelMoveGenTest.TacticalPositionLegal
[       OK ] ParallelMoveGenTest.TacticalPositionLegal (0 ms)
[----------] 1 test from ParallelMoveGenTest (0 ms total)

[----------] Global test environment tear-down
[==========] 1 test from 1 test suite ran. (0 ms total)
[  PASSED  ] 1 test.
<end of output>
Test time =   0.00 sec
----------------------------------------------------------
Test Passed.
"ParallelMoveGenTest.TacticalPositionLegal" end time: Aug 25 13:57 UTC
"ParallelMoveGenTest.TacticalPositionLegal" time elapsed: 00:00:00
----------------------------------------------------------

194/195 Testing: ParallelMoveGenTest.ConfigurationTest
194/195 Test: ParallelMoveGenTest.ConfigurationTest
Command: "/home/runner/work/Huginn/Huginn/build_ci/huginn_tests" "--gtest_filter=ParallelMoveGenTest.ConfigurationTest" "--gtest_also_run_disabled_tests"
Directory: /home/runner/work/Huginn/Huginn/build_ci
"ParallelMoveGenTest.ConfigurationTest" start time: Aug 25 13:57 UTC
Output:
----------------------------------------------------------
Note: Google Test filter = ParallelMoveGenTest.ConfigurationTest
[==========] Running 1 test from 1 test suite.
[----------] Global test environment set-up.
[----------] 1 test from ParallelMoveGenTest
[ RUN      ] ParallelMoveGenTest.ConfigurationTest
Parallel configuration:
  Hardware threads: 4
  Configured threads: 4
  Parallel generation: ON
  Parallel legal: ON
[       OK ] ParallelMoveGenTest.ConfigurationTest (0 ms)
[----------] 1 test from ParallelMoveGenTest (0 ms total)

[----------] Global test environment tear-down
[==========] 1 test from 1 test suite ran. (0 ms total)
[  PASSED  ] 1 test.
<end of output>
Test time =   0.00 sec
----------------------------------------------------------
Test Passed.
"ParallelMoveGenTest.ConfigurationTest" end time: Aug 25 13:57 UTC
"ParallelMoveGenTest.ConfigurationTest" time elapsed: 00:00:00
----------------------------------------------------------

195/195 Testing: ParallelMoveGenTest.SequentialFallbackTest
195/195 Test: ParallelMoveGenTest.SequentialFallbackTest
Command: "/home/runner/work/Huginn/Huginn/build_ci/huginn_tests" "--gtest_filter=ParallelMoveGenTest.SequentialFallbackTest" "--gtest_also_run_disabled_tests"
Directory: /home/runner/work/Huginn/Huginn/build_ci
"ParallelMoveGenTest.SequentialFallbackTest" start time: Aug 25 13:57 UTC
Output:
----------------------------------------------------------
Note: Google Test filter = ParallelMoveGenTest.SequentialFallbackTest
[==========] Running 1 test from 1 test suite.
[----------] Global test environment set-up.
[----------] 1 test from ParallelMoveGenTest
[ RUN      ] ParallelMoveGenTest.SequentialFallbackTest
[       OK ] ParallelMoveGenTest.SequentialFallbackTest (0 ms)
[----------] 1 test from ParallelMoveGenTest (0 ms total)

[----------] Global test environment tear-down
[==========] 1 test from 1 test suite ran. (0 ms total)
[  PASSED  ] 1 test.
<end of output>
Test time =   0.00 sec
----------------------------------------------------------
Test Passed.
"ParallelMoveGenTest.SequentialFallbackTest" end time: Aug 25 13:57 UTC
"ParallelMoveGenTest.SequentialFallbackTest" time elapsed: 00:00:00
----------------------------------------------------------

End testing: Aug 25 13:57 UTC
